2018-07-26T21:40:34+00:00 CRITICAL Uncaught Error: Call to undefined function get_post_views() in /var/www/html/anditrip/wp-content/themes/anditrip/woocommerce/archive-product.php:195
Stack trace:
#0 /var/www/html/anditrip/wp-includes/template-loader.php(74): include()
#1 /var/www/html/anditrip/wp-blog-header.php(19): require_once('/var/www/html/a...')
#2 /var/www/html/anditrip/index.php(17): require('/var/www/html/a...')
#3 {main}
  thrown

2018-07-27T17:17:11+00:00 CRITICAL Uncaught Error: Call to undefined function get_post_views() in /var/www/html/anditrip/wp-content/themes/anditrip/woocommerce/archive-product.php:195
Stack trace:
#0 /var/www/html/anditrip/wp-includes/template-loader.php(74): include()
#1 /var/www/html/anditrip/wp-blog-header.php(19): require_once('/var/www/html/a...')
#2 /var/www/html/anditrip/index.php(17): require('/var/www/html/a...')
#3 {main}
  thrown

2018-07-27T18:12:32+00:00 CRITICAL Cannot declare class WOOMULTI_CURRENCY_F, because the name is already in use

2018-07-27T18:12:32+00:00 CRITICAL Cannot declare class WOOMULTI_CURRENCY_F, because the name is already in use

2018-07-27T18:12:32+00:00 CRITICAL Cannot declare class WOOMULTI_CURRENCY_F, because the name is already in use

2018-07-29T16:59:16+00:00 CRITICAL Uncaught Error: Call to undefined function get_post_views() in /var/www/html/anditrip/wp-content/themes/anditrip/woocommerce/archive-product.php:195
Stack trace:
#0 /var/www/html/anditrip/wp-includes/template-loader.php(74): include()
#1 /var/www/html/anditrip/wp-blog-header.php(19): require_once('/var/www/html/a...')
#2 /var/www/html/anditrip/index.php(17): require('/var/www/html/a...')
#3 {main}
  thrown

2018-11-05T14:27:30+00:00 CRITICAL Call to undefined function get_post_views()

2018-11-05T14:28:36+00:00 CRITICAL Call to undefined function get_post_views()

2018-11-05T14:29:22+00:00 CRITICAL Call to undefined function get_post_views()

2018-11-05T14:29:32+00:00 CRITICAL Call to undefined function get_post_views()

2018-11-05T14:29:37+00:00 CRITICAL Call to undefined function get_post_views()

2018-11-05T14:30:03+00:00 CRITICAL Call to undefined function get_post_views()

2018-11-05T14:30:14+00:00 CRITICAL Call to undefined function get_post_views()

2018-11-05T14:32:00+00:00 CRITICAL Call to undefined function get_post_views()

2018-11-05T14:32:18+00:00 CRITICAL Call to undefined function get_post_views()

2018-11-05T14:32:26+00:00 CRITICAL Call to undefined function get_post_views()

2018-11-05T14:32:51+00:00 CRITICAL Call to undefined function get_post_views()

2018-11-05T14:33:27+00:00 CRITICAL Call to undefined function get_post_views()

2018-11-05T14:33:55+00:00 CRITICAL Call to undefined function get_post_views()

2018-11-05T14:34:19+00:00 CRITICAL Call to undefined function get_post_views()

2018-11-05T14:34:22+00:00 CRITICAL Call to undefined function get_post_views()

2018-11-05T14:34:36+00:00 CRITICAL Call to undefined function get_post_views()

2018-11-05T14:34:45+00:00 CRITICAL Call to undefined function get_post_views()

2018-11-06T06:35:17+00:00 CRITICAL Call to undefined function get_post_views()

2018-11-06T06:35:33+00:00 CRITICAL Call to undefined function get_post_views()

2018-11-06T06:36:27+00:00 CRITICAL Call to undefined function get_post_views()

2018-11-06T06:36:35+00:00 CRITICAL Call to undefined function get_post_views()

2018-11-06T06:36:52+00:00 CRITICAL Call to undefined function get_post_views()

2018-11-06T06:42:50+00:00 CRITICAL Call to undefined function get_post_views()

2018-11-06T07:36:21+00:00 CRITICAL Call to undefined function get_post_views()

2018-11-06T07:42:29+00:00 CRITICAL Call to undefined function get_post_views()

2018-11-06T15:54:17+00:00 CRITICAL Call to undefined function get_post_views()

2018-11-06T15:57:56+00:00 CRITICAL Call to undefined function get_post_views()

2018-11-06T15:58:00+00:00 CRITICAL Call to undefined function get_post_views()

2018-11-06T15:58:19+00:00 CRITICAL Call to undefined function get_post_views()

2018-11-08T19:29:02+00:00 CRITICAL Call to undefined function get_post_views()

2018-11-18T23:01:36+00:00 CRITICAL Call to undefined function get_post_views()

2018-11-27T17:54:08+00:00 CRITICAL Call to undefined function get_post_views()

2018-11-27T17:54:14+00:00 CRITICAL Call to undefined function get_post_views()

2018-11-27T17:54:23+00:00 CRITICAL Call to undefined function get_post_views()

2018-11-27T17:54:34+00:00 CRITICAL Call to undefined function get_post_views()

2018-11-28T13:28:49+00:00 CRITICAL Call to undefined function get_post_views()

2018-11-28T14:27:13+00:00 CRITICAL Call to undefined function get_post_views()

2018-11-28T14:27:54+00:00 CRITICAL Call to undefined function get_post_views()

2018-11-28T14:29:10+00:00 CRITICAL Call to undefined function get_post_views()

2018-11-29T00:07:58+00:00 CRITICAL Uncaught Error: Call to undefined function get_post_views() in /home/anditrip/public_html/wp-content/themes/anditrip/woocommerce/archive-product.php:195
Stack trace:
#0 /home/anditrip/public_html/wp-includes/template-loader.php(74): include()
#1 /home/anditrip/public_html/wp-blog-header.php(19): require_once('/home/anditrip/...')
#2 /home/anditrip/public_html/index.php(17): require('/home/anditrip/...')
#3 {main}
  thrown

2018-11-29T00:09:24+00:00 CRITICAL Uncaught Error: Call to undefined function get_post_views() in /home/anditrip/public_html/wp-content/themes/anditrip/woocommerce/archive-product.php:195
Stack trace:
#0 /home/anditrip/public_html/wp-includes/template-loader.php(74): include()
#1 /home/anditrip/public_html/wp-blog-header.php(19): require_once('/home/anditrip/...')
#2 /home/anditrip/public_html/index.php(17): require('/home/anditrip/...')
#3 {main}
  thrown

2018-12-26T17:28:29+00:00 CRITICAL Uncaught Error: Call to undefined function get_post_views() in /home/anditrip/public_html/wp-content/themes/anditrip/woocommerce/archive-product.php:195
Stack trace:
#0 /home/anditrip/public_html/wp-includes/template-loader.php(74): include()
#1 /home/anditrip/public_html/wp-blog-header.php(19): require_once('/home/anditrip/...')
#2 /home/anditrip/public_html/index.php(17): require('/home/anditrip/...')
#3 {main}
  thrown

2018-12-26T19:30:45+00:00 CRITICAL Uncaught Error: Call to undefined function get_post_views() in /home/anditrip/public_html/wp-content/themes/anditrip/woocommerce/archive-product.php:195
Stack trace:
#0 /home/anditrip/public_html/wp-includes/template-loader.php(74): include()
#1 /home/anditrip/public_html/wp-blog-header.php(19): require_once('/home/anditrip/...')
#2 /home/anditrip/public_html/index.php(17): require('/home/anditrip/...')
#3 {main}
  thrown

2018-12-27T07:43:55+00:00 CRITICAL Uncaught Error: Call to undefined function get_post_views() in /home/anditrip/public_html/wp-content/themes/anditrip/woocommerce/archive-product.php:195
Stack trace:
#0 /home/anditrip/public_html/wp-includes/template-loader.php(74): include()
#1 /home/anditrip/public_html/wp-blog-header.php(19): require_once('/home/anditrip/...')
#2 /home/anditrip/public_html/index.php(17): require('/home/anditrip/...')
#3 {main}
  thrown

2018-12-27T11:25:20+00:00 CRITICAL Uncaught Error: Call to undefined function get_post_views() in /home/anditrip/public_html/wp-content/themes/anditrip/woocommerce/archive-product.php:195
Stack trace:
#0 /home/anditrip/public_html/wp-includes/template-loader.php(74): include()
#1 /home/anditrip/public_html/wp-blog-header.php(19): require_once('/home/anditrip/...')
#2 /home/anditrip/public_html/index.php(17): require('/home/anditrip/...')
#3 {main}
  thrown

2018-12-27T11:43:29+00:00 CRITICAL Uncaught Error: Call to undefined function get_post_views() in /home/anditrip/public_html/wp-content/themes/anditrip/woocommerce/archive-product.php:195
Stack trace:
#0 /home/anditrip/public_html/wp-includes/template-loader.php(74): include()
#1 /home/anditrip/public_html/wp-blog-header.php(19): require_once('/home/anditrip/...')
#2 /home/anditrip/public_html/index.php(17): require('/home/anditrip/...')
#3 {main}
  thrown

2018-12-28T03:50:11+00:00 CRITICAL Uncaught Error: Call to undefined function get_post_views() in /home/anditrip/public_html/wp-content/themes/anditrip/woocommerce/archive-product.php:195
Stack trace:
#0 /home/anditrip/public_html/wp-includes/template-loader.php(74): include()
#1 /home/anditrip/public_html/wp-blog-header.php(19): require_once('/home/anditrip/...')
#2 /home/anditrip/public_html/index.php(17): require('/home/anditrip/...')
#3 {main}
  thrown

2018-12-28T03:58:00+00:00 CRITICAL Uncaught Error: Call to undefined function get_post_views() in /home/anditrip/public_html/wp-content/themes/anditrip/woocommerce/archive-product.php:195
Stack trace:
#0 /home/anditrip/public_html/wp-includes/template-loader.php(74): include()
#1 /home/anditrip/public_html/wp-blog-header.php(19): require_once('/home/anditrip/...')
#2 /home/anditrip/public_html/index.php(17): require('/home/anditrip/...')
#3 {main}
  thrown

2018-12-28T04:12:22+00:00 CRITICAL Uncaught Error: Call to undefined function get_post_views() in /home/anditrip/public_html/wp-content/themes/anditrip/woocommerce/archive-product.php:195
Stack trace:
#0 /home/anditrip/public_html/wp-includes/template-loader.php(74): include()
#1 /home/anditrip/public_html/wp-blog-header.php(19): require_once('/home/anditrip/...')
#2 /home/anditrip/public_html/index.php(17): require('/home/anditrip/...')
#3 {main}
  thrown

2018-12-31T05:35:55+00:00 CRITICAL Uncaught Error: Call to undefined function get_post_views() in /home/anditrip/public_html/wp-content/themes/anditrip/woocommerce/archive-product.php:195
Stack trace:
#0 /home/anditrip/public_html/wp-includes/template-loader.php(74): include()
#1 /home/anditrip/public_html/wp-blog-header.php(19): require_once('/home/anditrip/...')
#2 /home/anditrip/public_html/index.php(17): require('/home/anditrip/...')
#3 {main}
  thrown

2018-12-31T05:35:59+00:00 CRITICAL Uncaught Error: Call to undefined function get_post_views() in /home/anditrip/public_html/wp-content/themes/anditrip/woocommerce/archive-product.php:195
Stack trace:
#0 /home/anditrip/public_html/wp-includes/template-loader.php(74): include()
#1 /home/anditrip/public_html/wp-blog-header.php(19): require_once('/home/anditrip/...')
#2 /home/anditrip/public_html/index.php(17): require('/home/anditrip/...')
#3 {main}
  thrown

2018-12-31T05:36:12+00:00 CRITICAL Uncaught Error: Call to undefined function get_post_views() in /home/anditrip/public_html/wp-content/themes/anditrip/woocommerce/archive-product.php:195
Stack trace:
#0 /home/anditrip/public_html/wp-includes/template-loader.php(74): include()
#1 /home/anditrip/public_html/wp-blog-header.php(19): require_once('/home/anditrip/...')
#2 /home/anditrip/public_html/index.php(17): require('/home/anditrip/...')
#3 {main}
  thrown

2019-01-03T23:45:55+00:00 CRITICAL Uncaught Error: Call to undefined function get_post_views() in /home/anditrip/public_html/wp-content/themes/anditrip/woocommerce/archive-product.php:195
Stack trace:
#0 /home/anditrip/public_html/wp-includes/template-loader.php(74): include()
#1 /home/anditrip/public_html/wp-blog-header.php(19): require_once('/home/anditrip/...')
#2 /home/anditrip/public_html/index.php(17): require('/home/anditrip/...')
#3 {main}
  thrown

2019-01-04T20:10:51+00:00 CRITICAL Uncaught Error: Call to undefined function get_post_views() in /home/anditrip/public_html/wp-content/themes/anditrip/woocommerce/archive-product.php:195
Stack trace:
#0 /home/anditrip/public_html/wp-includes/template-loader.php(74): include()
#1 /home/anditrip/public_html/wp-blog-header.php(19): require_once('/home/anditrip/...')
#2 /home/anditrip/public_html/index.php(17): require('/home/anditrip/...')
#3 {main}
  thrown

2019-01-05T06:07:45+00:00 CRITICAL Uncaught Error: Call to undefined function get_post_views() in /home/anditrip/public_html/wp-content/themes/anditrip/woocommerce/archive-product.php:195
Stack trace:
#0 /home/anditrip/public_html/wp-includes/template-loader.php(74): include()
#1 /home/anditrip/public_html/wp-blog-header.php(19): require_once('/home/anditrip/...')
#2 /home/anditrip/public_html/index.php(17): require('/home/anditrip/...')
#3 {main}
  thrown

2019-01-05T09:07:07+00:00 CRITICAL Uncaught Error: Call to undefined function get_post_views() in /home/anditrip/public_html/wp-content/themes/anditrip/woocommerce/archive-product.php:195
Stack trace:
#0 /home/anditrip/public_html/wp-includes/template-loader.php(74): include()
#1 /home/anditrip/public_html/wp-blog-header.php(19): require_once('/home/anditrip/...')
#2 /home/anditrip/public_html/index.php(17): require('/home/anditrip/...')
#3 {main}
  thrown

2019-01-05T18:55:18+00:00 CRITICAL Uncaught Error: Call to undefined function get_post_views() in /home/anditrip/public_html/wp-content/themes/anditrip/woocommerce/archive-product.php:195
Stack trace:
#0 /home/anditrip/public_html/wp-includes/template-loader.php(74): include()
#1 /home/anditrip/public_html/wp-blog-header.php(19): require_once('/home/anditrip/...')
#2 /home/anditrip/public_html/index.php(17): require('/home/anditrip/...')
#3 {main}
  thrown

2019-01-05T19:56:58+00:00 CRITICAL Uncaught Error: Call to undefined function get_post_views() in /home/anditrip/public_html/wp-content/themes/anditrip/woocommerce/archive-product.php:195
Stack trace:
#0 /home/anditrip/public_html/wp-includes/template-loader.php(74): include()
#1 /home/anditrip/public_html/wp-blog-header.php(19): require_once('/home/anditrip/...')
#2 /home/anditrip/public_html/index.php(17): require('/home/anditrip/...')
#3 {main}
  thrown

2019-01-05T20:31:08+00:00 CRITICAL Uncaught Error: Call to undefined function get_post_views() in /home/anditrip/public_html/wp-content/themes/anditrip/woocommerce/archive-product.php:195
Stack trace:
#0 /home/anditrip/public_html/wp-includes/template-loader.php(74): include()
#1 /home/anditrip/public_html/wp-blog-header.php(19): require_once('/home/anditrip/...')
#2 /home/anditrip/public_html/index.php(17): require('/home/anditrip/...')
#3 {main}
  thrown

2019-01-05T22:41:17+00:00 CRITICAL Uncaught Error: Call to undefined function get_post_views() in /home/anditrip/public_html/wp-content/themes/anditrip/woocommerce/archive-product.php:195
Stack trace:
#0 /home/anditrip/public_html/wp-includes/template-loader.php(74): include()
#1 /home/anditrip/public_html/wp-blog-header.php(19): require_once('/home/anditrip/...')
#2 /home/anditrip/public_html/index.php(17): require('/home/anditrip/...')
#3 {main}
  thrown

2019-01-06T09:21:35+00:00 CRITICAL Uncaught Error: Call to undefined function get_post_views() in /home/anditrip/public_html/wp-content/themes/anditrip/woocommerce/archive-product.php:195
Stack trace:
#0 /home/anditrip/public_html/wp-includes/template-loader.php(74): include()
#1 /home/anditrip/public_html/wp-blog-header.php(19): require_once('/home/anditrip/...')
#2 /home/anditrip/public_html/index.php(17): require('/home/anditrip/...')
#3 {main}
  thrown

2019-01-06T19:49:08+00:00 CRITICAL Uncaught Error: Call to undefined function get_post_views() in /home/anditrip/public_html/wp-content/themes/anditrip/woocommerce/archive-product.php:195
Stack trace:
#0 /home/anditrip/public_html/wp-includes/template-loader.php(74): include()
#1 /home/anditrip/public_html/wp-blog-header.php(19): require_once('/home/anditrip/...')
#2 /home/anditrip/public_html/index.php(17): require('/home/anditrip/...')
#3 {main}
  thrown

2019-01-07T13:47:35+00:00 CRITICAL Uncaught Error: Call to undefined function get_post_views() in /home/anditrip/public_html/wp-content/themes/anditrip/woocommerce/archive-product.php:195
Stack trace:
#0 /home/anditrip/public_html/wp-includes/template-loader.php(74): include()
#1 /home/anditrip/public_html/wp-blog-header.php(19): require_once('/home/anditrip/...')
#2 /home/anditrip/public_html/index.php(17): require('/home/anditrip/...')
#3 {main}
  thrown

2019-01-07T13:48:10+00:00 CRITICAL Uncaught Error: Call to undefined function get_post_views() in /home/anditrip/public_html/wp-content/themes/anditrip/woocommerce/archive-product.php:195
Stack trace:
#0 /home/anditrip/public_html/wp-includes/template-loader.php(74): include()
#1 /home/anditrip/public_html/wp-blog-header.php(19): require_once('/home/anditrip/...')
#2 /home/anditrip/public_html/index.php(17): require('/home/anditrip/...')
#3 {main}
  thrown

2019-01-08T15:16:41+00:00 CRITICAL Uncaught Error: Call to undefined function get_post_views() in /home/anditrip/public_html/wp-content/themes/anditrip/woocommerce/archive-product.php:195
Stack trace:
#0 /home/anditrip/public_html/wp-includes/template-loader.php(74): include()
#1 /home/anditrip/public_html/wp-blog-header.php(19): require_once('/home/anditrip/...')
#2 /home/anditrip/public_html/index.php(17): require('/home/anditrip/...')
#3 {main}
  thrown

2019-01-09T16:57:45+00:00 CRITICAL Uncaught Error: Call to undefined function get_post_views() in /home/anditrip/public_html/wp-content/themes/anditrip/woocommerce/archive-product.php:195
Stack trace:
#0 /home/anditrip/public_html/wp-includes/template-loader.php(74): include()
#1 /home/anditrip/public_html/wp-blog-header.php(19): require_once('/home/anditrip/...')
#2 /home/anditrip/public_html/index.php(17): require('/home/anditrip/...')
#3 {main}
  thrown

2019-01-09T18:27:06+00:00 CRITICAL Uncaught Error: Call to undefined function get_post_views() in /home/anditrip/public_html/wp-content/themes/anditrip/woocommerce/archive-product.php:195
Stack trace:
#0 /home/anditrip/public_html/wp-includes/template-loader.php(74): include()
#1 /home/anditrip/public_html/wp-blog-header.php(19): require_once('/home/anditrip/...')
#2 /home/anditrip/public_html/index.php(17): require('/home/anditrip/...')
#3 {main}
  thrown

2019-01-09T18:32:53+00:00 CRITICAL Uncaught Error: Call to undefined function get_post_views() in /home/anditrip/public_html/wp-content/themes/anditrip/woocommerce/archive-product.php:195
Stack trace:
#0 /home/anditrip/public_html/wp-includes/template-loader.php(74): include()
#1 /home/anditrip/public_html/wp-blog-header.php(19): require_once('/home/anditrip/...')
#2 /home/anditrip/public_html/index.php(17): require('/home/anditrip/...')
#3 {main}
  thrown

2019-01-10T16:11:11+00:00 CRITICAL Uncaught Error: Call to undefined function get_post_views() in /home/anditrip/public_html/wp-content/themes/anditrip/woocommerce/archive-product.php:195
Stack trace:
#0 /home/anditrip/public_html/wp-includes/template-loader.php(74): include()
#1 /home/anditrip/public_html/wp-blog-header.php(19): require_once('/home/anditrip/...')
#2 /home/anditrip/public_html/index.php(17): require('/home/anditrip/...')
#3 {main}
  thrown

2019-01-10T17:52:04+00:00 CRITICAL Uncaught Error: Call to undefined function get_post_views() in /home/anditrip/public_html/wp-content/themes/anditrip/woocommerce/archive-product.php:195
Stack trace:
#0 /home/anditrip/public_html/wp-includes/template-loader.php(74): include()
#1 /home/anditrip/public_html/wp-blog-header.php(19): require_once('/home/anditrip/...')
#2 /home/anditrip/public_html/index.php(17): require('/home/anditrip/...')
#3 {main}
  thrown

2019-01-12T09:10:46+00:00 CRITICAL Uncaught Error: Call to undefined function get_post_views() in /home/anditrip/public_html/wp-content/themes/anditrip/woocommerce/archive-product.php:195
Stack trace:
#0 /home/anditrip/public_html/wp-includes/template-loader.php(74): include()
#1 /home/anditrip/public_html/wp-blog-header.php(19): require_once('/home/anditrip/...')
#2 /home/anditrip/public_html/index.php(17): require('/home/anditrip/...')
#3 {main}
  thrown

2019-01-15T03:52:35+00:00 CRITICAL Uncaught Error: Call to undefined function get_post_views() in /home/anditrip/public_html/wp-content/themes/anditrip/woocommerce/archive-product.php:195
Stack trace:
#0 /home/anditrip/public_html/wp-includes/template-loader.php(74): include()
#1 /home/anditrip/public_html/wp-blog-header.php(19): require_once('/home/anditrip/...')
#2 /home/anditrip/public_html/index.php(17): require('/home/anditrip/...')
#3 {main}
  thrown

2019-01-17T03:41:07+00:00 CRITICAL Uncaught Error: Call to undefined function get_post_views() in /home/anditrip/public_html/wp-content/themes/anditrip/woocommerce/archive-product.php:195
Stack trace:
#0 /home/anditrip/public_html/wp-includes/template-loader.php(74): include()
#1 /home/anditrip/public_html/wp-blog-header.php(19): require_once('/home/anditrip/...')
#2 /home/anditrip/public_html/index.php(17): require('/home/anditrip/...')
#3 {main}
  thrown

2019-01-17T15:40:55+00:00 CRITICAL Uncaught Error: Call to undefined function get_post_views() in /home/anditrip/public_html/wp-content/themes/anditrip/woocommerce/archive-product.php:195
Stack trace:
#0 /home/anditrip/public_html/wp-includes/template-loader.php(74): include()
#1 /home/anditrip/public_html/wp-blog-header.php(19): require_once('/home/anditrip/...')
#2 /home/anditrip/public_html/index.php(17): require('/home/anditrip/...')
#3 {main}
  thrown

2019-01-18T05:50:22+00:00 CRITICAL Uncaught Error: Call to undefined function get_post_views() in /home/anditrip/public_html/wp-content/themes/anditrip/woocommerce/archive-product.php:195
Stack trace:
#0 /home/anditrip/public_html/wp-includes/template-loader.php(74): include()
#1 /home/anditrip/public_html/wp-blog-header.php(19): require_once('/home/anditrip/...')
#2 /home/anditrip/public_html/index.php(17): require('/home/anditrip/...')
#3 {main}
  thrown

2019-01-18T18:52:45+00:00 CRITICAL Uncaught Error: Call to undefined function get_post_views() in /home/anditrip/public_html/wp-content/themes/anditrip/woocommerce/archive-product.php:195
Stack trace:
#0 /home/anditrip/public_html/wp-includes/template-loader.php(74): include()
#1 /home/anditrip/public_html/wp-blog-header.php(19): require_once('/home/anditrip/...')
#2 /home/anditrip/public_html/index.php(17): require('/home/anditrip/...')
#3 {main}
  thrown

2019-01-18T20:40:21+00:00 CRITICAL Uncaught Error: Call to undefined function get_post_views() in /home/anditrip/public_html/wp-content/themes/anditrip/woocommerce/archive-product.php:195
Stack trace:
#0 /home/anditrip/public_html/wp-includes/template-loader.php(74): include()
#1 /home/anditrip/public_html/wp-blog-header.php(19): require_once('/home/anditrip/...')
#2 /home/anditrip/public_html/index.php(17): require('/home/anditrip/...')
#3 {main}
  thrown

2019-01-18T22:16:24+00:00 CRITICAL Uncaught Error: Call to undefined function get_post_views() in /home/anditrip/public_html/wp-content/themes/anditrip/woocommerce/archive-product.php:195
Stack trace:
#0 /home/anditrip/public_html/wp-includes/template-loader.php(74): include()
#1 /home/anditrip/public_html/wp-blog-header.php(19): require_once('/home/anditrip/...')
#2 /home/anditrip/public_html/index.php(17): require('/home/anditrip/...')
#3 {main}
  thrown

2019-01-19T23:54:19+00:00 CRITICAL Uncaught Error: Call to undefined function get_post_views() in /home/anditrip/public_html/wp-content/themes/anditrip/woocommerce/archive-product.php:195
Stack trace:
#0 /home/anditrip/public_html/wp-includes/template-loader.php(74): include()
#1 /home/anditrip/public_html/wp-blog-header.php(19): require_once('/home/anditrip/...')
#2 /home/anditrip/public_html/index.php(17): require('/home/anditrip/...')
#3 {main}
  thrown

2019-01-19T23:55:04+00:00 CRITICAL Uncaught Error: Call to undefined function get_post_views() in /home/anditrip/public_html/wp-content/themes/anditrip/woocommerce/archive-product.php:195
Stack trace:
#0 /home/anditrip/public_html/wp-includes/template-loader.php(74): include()
#1 /home/anditrip/public_html/wp-blog-header.php(19): require_once('/home/anditrip/...')
#2 /home/anditrip/public_html/index.php(17): require('/home/anditrip/...')
#3 {main}
  thrown

2019-01-20T01:57:31+00:00 CRITICAL Uncaught Error: Call to undefined function get_post_views() in /home/anditrip/public_html/wp-content/themes/anditrip/woocommerce/archive-product.php:195
Stack trace:
#0 /home/anditrip/public_html/wp-includes/template-loader.php(74): include()
#1 /home/anditrip/public_html/wp-blog-header.php(19): require_once('/home/anditrip/...')
#2 /home/anditrip/public_html/index.php(17): require('/home/anditrip/...')
#3 {main}
  thrown

2019-01-20T07:31:58+00:00 CRITICAL Uncaught Error: Call to undefined function get_post_views() in /home/anditrip/public_html/wp-content/themes/anditrip/woocommerce/archive-product.php:195
Stack trace:
#0 /home/anditrip/public_html/wp-includes/template-loader.php(74): include()
#1 /home/anditrip/public_html/wp-blog-header.php(19): require_once('/home/anditrip/...')
#2 /home/anditrip/public_html/index.php(17): require('/home/anditrip/...')
#3 {main}
  thrown

2019-01-21T10:29:28+00:00 CRITICAL Uncaught Error: Call to undefined function get_post_views() in /home/anditrip/public_html/wp-content/themes/anditrip/woocommerce/archive-product.php:195
Stack trace:
#0 /home/anditrip/public_html/wp-includes/template-loader.php(74): include()
#1 /home/anditrip/public_html/wp-blog-header.php(19): require_once('/home/anditrip/...')
#2 /home/anditrip/public_html/index.php(17): require('/home/anditrip/...')
#3 {main}
  thrown

2019-01-21T12:46:28+00:00 CRITICAL Uncaught Error: Call to undefined function get_post_views() in /home/anditrip/public_html/wp-content/themes/anditrip/woocommerce/archive-product.php:195
Stack trace:
#0 /home/anditrip/public_html/wp-includes/template-loader.php(74): include()
#1 /home/anditrip/public_html/wp-blog-header.php(19): require_once('/home/anditrip/...')
#2 /home/anditrip/public_html/index.php(17): require('/home/anditrip/...')
#3 {main}
  thrown

2019-01-22T09:36:59+00:00 CRITICAL Uncaught Error: Call to undefined function get_post_views() in /home/anditrip/public_html/wp-content/themes/anditrip/woocommerce/archive-product.php:195
Stack trace:
#0 /home/anditrip/public_html/wp-includes/template-loader.php(74): include()
#1 /home/anditrip/public_html/wp-blog-header.php(19): require_once('/home/anditrip/...')
#2 /home/anditrip/public_html/index.php(17): require('/home/anditrip/...')
#3 {main}
  thrown

2019-01-23T08:55:19+00:00 CRITICAL Uncaught Error: Call to undefined function get_post_views() in /home/anditrip/public_html/wp-content/themes/anditrip/woocommerce/archive-product.php:195
Stack trace:
#0 /home/anditrip/public_html/wp-includes/template-loader.php(74): include()
#1 /home/anditrip/public_html/wp-blog-header.php(19): require_once('/home/anditrip/...')
#2 /home/anditrip/public_html/index.php(17): require('/home/anditrip/...')
#3 {main}
  thrown

2019-01-24T21:19:25+00:00 CRITICAL Uncaught Error: Call to undefined function get_post_views() in /home/anditrip/public_html/wp-content/themes/anditrip/woocommerce/archive-product.php:195
Stack trace:
#0 /home/anditrip/public_html/wp-includes/template-loader.php(74): include()
#1 /home/anditrip/public_html/wp-blog-header.php(19): require_once('/home/anditrip/...')
#2 /home/anditrip/public_html/index.php(17): require('/home/anditrip/...')
#3 {main}
  thrown

2019-01-24T23:34:05+00:00 CRITICAL Uncaught Error: Call to undefined function get_post_views() in /home/anditrip/public_html/wp-content/themes/anditrip/woocommerce/archive-product.php:195
Stack trace:
#0 /home/anditrip/public_html/wp-includes/template-loader.php(74): include()
#1 /home/anditrip/public_html/wp-blog-header.php(19): require_once('/home/anditrip/...')
#2 /home/anditrip/public_html/index.php(17): require('/home/anditrip/...')
#3 {main}
  thrown

2019-01-27T10:33:28+00:00 CRITICAL Uncaught Error: Call to undefined function get_post_views() in /home/anditrip/public_html/wp-content/themes/anditrip/woocommerce/archive-product.php:195
Stack trace:
#0 /home/anditrip/public_html/wp-includes/template-loader.php(74): include()
#1 /home/anditrip/public_html/wp-blog-header.php(19): require_once('/home/anditrip/...')
#2 /home/anditrip/public_html/index.php(17): require('/home/anditrip/...')
#3 {main}
  thrown

2019-01-28T21:48:29+00:00 CRITICAL Uncaught Error: Call to undefined function get_post_views() in /home/anditrip/public_html/wp-content/themes/anditrip/woocommerce/archive-product.php:195
Stack trace:
#0 /home/anditrip/public_html/wp-includes/template-loader.php(74): include()
#1 /home/anditrip/public_html/wp-blog-header.php(19): require_once('/home/anditrip/...')
#2 /home/anditrip/public_html/index.php(17): require('/home/anditrip/...')
#3 {main}
  thrown

2019-01-30T12:59:53+00:00 CRITICAL Uncaught Error: Call to undefined function get_post_views() in /home/anditrip/public_html/wp-content/themes/anditrip/woocommerce/archive-product.php:195
Stack trace:
#0 /home/anditrip/public_html/wp-includes/template-loader.php(74): include()
#1 /home/anditrip/public_html/wp-blog-header.php(19): require_once('/home/anditrip/...')
#2 /home/anditrip/public_html/index.php(17): require('/home/anditrip/...')
#3 {main}
  thrown

2019-01-30T23:17:41+00:00 CRITICAL Uncaught Error: Call to undefined function get_post_views() in /home/anditrip/public_html/wp-content/themes/anditrip/woocommerce/archive-product.php:195
Stack trace:
#0 /home/anditrip/public_html/wp-includes/template-loader.php(74): include()
#1 /home/anditrip/public_html/wp-blog-header.php(19): require_once('/home/anditrip/...')
#2 /home/anditrip/public_html/index.php(17): require('/home/anditrip/...')
#3 {main}
  thrown

2019-01-31T12:42:58+00:00 CRITICAL Uncaught Error: Call to undefined function get_post_views() in /home/anditrip/public_html/wp-content/themes/anditrip/woocommerce/archive-product.php:195
Stack trace:
#0 /home/anditrip/public_html/wp-includes/template-loader.php(74): include()
#1 /home/anditrip/public_html/wp-blog-header.php(19): require_once('/home/anditrip/...')
#2 /home/anditrip/public_html/index.php(17): require('/home/anditrip/...')
#3 {main}
  thrown

2019-01-31T15:56:50+00:00 CRITICAL Uncaught Error: Call to undefined function get_post_views() in /home/anditrip/public_html/wp-content/themes/anditrip/woocommerce/archive-product.php:195
Stack trace:
#0 /home/anditrip/public_html/wp-includes/template-loader.php(74): include()
#1 /home/anditrip/public_html/wp-blog-header.php(19): require_once('/home/anditrip/...')
#2 /home/anditrip/public_html/index.php(17): require('/home/anditrip/...')
#3 {main}
  thrown

2019-01-31T17:35:33+00:00 CRITICAL Uncaught Error: Call to undefined function get_post_views() in /home/anditrip/public_html/wp-content/themes/anditrip/woocommerce/archive-product.php:195
Stack trace:
#0 /home/anditrip/public_html/wp-includes/template-loader.php(74): include()
#1 /home/anditrip/public_html/wp-blog-header.php(19): require_once('/home/anditrip/...')
#2 /home/anditrip/public_html/index.php(17): require('/home/anditrip/...')
#3 {main}
  thrown

2019-02-01T08:45:24+00:00 CRITICAL Uncaught Error: Call to undefined function get_post_views() in /home/anditrip/public_html/wp-content/themes/anditrip/woocommerce/archive-product.php:195
Stack trace:
#0 /home/anditrip/public_html/wp-includes/template-loader.php(74): include()
#1 /home/anditrip/public_html/wp-blog-header.php(19): require_once('/home/anditrip/...')
#2 /home/anditrip/public_html/index.php(17): require('/home/anditrip/...')
#3 {main}
  thrown

2019-02-01T10:44:48+00:00 CRITICAL Uncaught Error: Call to undefined function get_post_views() in /home/anditrip/public_html/wp-content/themes/anditrip/woocommerce/archive-product.php:195
Stack trace:
#0 /home/anditrip/public_html/wp-includes/template-loader.php(74): include()
#1 /home/anditrip/public_html/wp-blog-header.php(19): require_once('/home/anditrip/...')
#2 /home/anditrip/public_html/index.php(17): require('/home/anditrip/...')
#3 {main}
  thrown

2019-02-01T20:55:06+00:00 CRITICAL Uncaught Error: Call to undefined function get_post_views() in /home/anditrip/public_html/wp-content/themes/anditrip/woocommerce/archive-product.php:195
Stack trace:
#0 /home/anditrip/public_html/wp-includes/template-loader.php(74): include()
#1 /home/anditrip/public_html/wp-blog-header.php(19): require_once('/home/anditrip/...')
#2 /home/anditrip/public_html/index.php(17): require('/home/anditrip/...')
#3 {main}
  thrown

2019-02-02T01:24:11+00:00 CRITICAL Uncaught Error: Call to undefined function get_post_views() in /home/anditrip/public_html/wp-content/themes/anditrip/woocommerce/archive-product.php:195
Stack trace:
#0 /home/anditrip/public_html/wp-includes/template-loader.php(74): include()
#1 /home/anditrip/public_html/wp-blog-header.php(19): require_once('/home/anditrip/...')
#2 /home/anditrip/public_html/index.php(17): require('/home/anditrip/...')
#3 {main}
  thrown

2019-02-02T18:37:20+00:00 CRITICAL Uncaught Error: Call to undefined function get_post_views() in /home/anditrip/public_html/wp-content/themes/anditrip/woocommerce/archive-product.php:195
Stack trace:
#0 /home/anditrip/public_html/wp-includes/template-loader.php(74): include()
#1 /home/anditrip/public_html/wp-blog-header.php(19): require_once('/home/anditrip/...')
#2 /home/anditrip/public_html/index.php(17): require('/home/anditrip/...')
#3 {main}
  thrown

2019-02-07T11:17:41+00:00 CRITICAL Uncaught Error: Call to undefined function get_post_views() in /home/anditrip/public_html/wp-content/themes/anditrip/woocommerce/archive-product.php:195
Stack trace:
#0 /home/anditrip/public_html/wp-includes/template-loader.php(74): include()
#1 /home/anditrip/public_html/wp-blog-header.php(19): require_once('/home/anditrip/...')
#2 /home/anditrip/public_html/index.php(17): require('/home/anditrip/...')
#3 {main}
  thrown

2019-02-08T07:02:25+00:00 CRITICAL Uncaught Error: Call to undefined function get_post_views() in /home/anditrip/public_html/wp-content/themes/anditrip/woocommerce/archive-product.php:195
Stack trace:
#0 /home/anditrip/public_html/wp-includes/template-loader.php(74): include()
#1 /home/anditrip/public_html/wp-blog-header.php(19): require_once('/home/anditrip/...')
#2 /home/anditrip/public_html/index.php(17): require('/home/anditrip/...')
#3 {main}
  thrown

2019-02-08T14:54:33+00:00 CRITICAL Uncaught Error: Call to undefined function get_post_views() in /home/anditrip/public_html/wp-content/themes/anditrip/woocommerce/archive-product.php:195
Stack trace:
#0 /home/anditrip/public_html/wp-includes/template-loader.php(74): include()
#1 /home/anditrip/public_html/wp-blog-header.php(19): require_once('/home/anditrip/...')
#2 /home/anditrip/public_html/index.php(17): require('/home/anditrip/...')
#3 {main}
  thrown

2019-02-08T22:20:51+00:00 CRITICAL Uncaught Error: Call to undefined function get_post_views() in /home/anditrip/public_html/wp-content/themes/anditrip/woocommerce/archive-product.php:195
Stack trace:
#0 /home/anditrip/public_html/wp-includes/template-loader.php(74): include()
#1 /home/anditrip/public_html/wp-blog-header.php(19): require_once('/home/anditrip/...')
#2 /home/anditrip/public_html/index.php(17): require('/home/anditrip/...')
#3 {main}
  thrown

2019-02-08T23:42:45+00:00 CRITICAL Uncaught Error: Call to undefined function get_post_views() in /home/anditrip/public_html/wp-content/themes/anditrip/woocommerce/archive-product.php:195
Stack trace:
#0 /home/anditrip/public_html/wp-includes/template-loader.php(74): include()
#1 /home/anditrip/public_html/wp-blog-header.php(19): require_once('/home/anditrip/...')
#2 /home/anditrip/public_html/index.php(17): require('/home/anditrip/...')
#3 {main}
  thrown

2019-02-14T20:23:21+00:00 CRITICAL Uncaught Error: Call to undefined function get_post_views() in /home/anditrip/public_html/wp-content/themes/anditrip/woocommerce/archive-product.php:195
Stack trace:
#0 /home/anditrip/public_html/wp-includes/template-loader.php(74): include()
#1 /home/anditrip/public_html/wp-blog-header.php(19): require_once('/home/anditrip/...')
#2 /home/anditrip/public_html/index.php(17): require('/home/anditrip/...')
#3 {main}
  thrown

2019-02-15T08:33:06+00:00 CRITICAL Uncaught Error: Call to undefined function get_post_views() in /home/anditrip/public_html/wp-content/themes/anditrip/woocommerce/archive-product.php:195
Stack trace:
#0 /home/anditrip/public_html/wp-includes/template-loader.php(74): include()
#1 /home/anditrip/public_html/wp-blog-header.php(19): require_once('/home/anditrip/...')
#2 /home/anditrip/public_html/index.php(17): require('/home/anditrip/...')
#3 {main}
  thrown

2019-02-15T16:16:34+00:00 CRITICAL Uncaught Error: Call to undefined function get_post_views() in /home/anditrip/public_html/wp-content/themes/anditrip/woocommerce/archive-product.php:195
Stack trace:
#0 /home/anditrip/public_html/wp-includes/template-loader.php(74): include()
#1 /home/anditrip/public_html/wp-blog-header.php(19): require_once('/home/anditrip/...')
#2 /home/anditrip/public_html/index.php(17): require('/home/anditrip/...')
#3 {main}
  thrown

2019-02-15T19:54:19+00:00 CRITICAL Uncaught Error: Call to undefined function get_post_views() in /home/anditrip/public_html/wp-content/themes/anditrip/woocommerce/archive-product.php:195
Stack trace:
#0 /home/anditrip/public_html/wp-includes/template-loader.php(74): include()
#1 /home/anditrip/public_html/wp-blog-header.php(19): require_once('/home/anditrip/...')
#2 /home/anditrip/public_html/index.php(17): require('/home/anditrip/...')
#3 {main}
  thrown

2019-02-16T00:14:31+00:00 CRITICAL Uncaught Error: Call to undefined function get_post_views() in /home/anditrip/public_html/wp-content/themes/anditrip/woocommerce/archive-product.php:195
Stack trace:
#0 /home/anditrip/public_html/wp-includes/template-loader.php(74): include()
#1 /home/anditrip/public_html/wp-blog-header.php(19): require_once('/home/anditrip/...')
#2 /home/anditrip/public_html/index.php(17): require('/home/anditrip/...')
#3 {main}
  thrown

2019-02-16T01:34:37+00:00 CRITICAL Uncaught Error: Call to undefined function get_post_views() in /home/anditrip/public_html/wp-content/themes/anditrip/woocommerce/archive-product.php:195
Stack trace:
#0 /home/anditrip/public_html/wp-includes/template-loader.php(74): include()
#1 /home/anditrip/public_html/wp-blog-header.php(19): require_once('/home/anditrip/...')
#2 /home/anditrip/public_html/index.php(17): require('/home/anditrip/...')
#3 {main}
  thrown

2019-02-19T07:05:09+00:00 CRITICAL Maximum execution time of 30 seconds exceeded

2019-02-19T07:06:25+00:00 CRITICAL Maximum execution time of 30 seconds exceeded

2019-02-19T23:14:12+00:00 CRITICAL Uncaught Error: Call to undefined function get_post_views() in /home/anditrip/public_html/wp-content/themes/anditrip/woocommerce/archive-product.php:195
Stack trace:
#0 /home/anditrip/public_html/wp-includes/template-loader.php(74): include()
#1 /home/anditrip/public_html/wp-blog-header.php(19): require_once('/home/anditrip/...')
#2 /home/anditrip/public_html/index.php(17): require('/home/anditrip/...')
#3 {main}
  thrown

2019-02-21T20:48:42+00:00 CRITICAL Uncaught Error: Call to undefined function get_post_views() in /home/anditrip/public_html/wp-content/themes/anditrip/woocommerce/archive-product.php:195
Stack trace:
#0 /home/anditrip/public_html/wp-includes/template-loader.php(74): include()
#1 /home/anditrip/public_html/wp-blog-header.php(19): require_once('/home/anditrip/...')
#2 /home/anditrip/public_html/index.php(17): require('/home/anditrip/...')
#3 {main}
  thrown

2019-02-22T03:20:30+00:00 CRITICAL Uncaught Error: Call to undefined function get_post_views() in /home/anditrip/public_html/wp-content/themes/anditrip/woocommerce/archive-product.php:195
Stack trace:
#0 /home/anditrip/public_html/wp-includes/template-loader.php(74): include()
#1 /home/anditrip/public_html/wp-blog-header.php(19): require_once('/home/anditrip/...')
#2 /home/anditrip/public_html/index.php(17): require('/home/anditrip/...')
#3 {main}
  thrown

2019-02-27T02:09:22+00:00 CRITICAL Uncaught Error: Call to undefined function get_post_views() in /home/anditrip/public_html/wp-content/themes/anditrip/woocommerce/archive-product.php:195
Stack trace:
#0 /home/anditrip/public_html/wp-includes/template-loader.php(74): include()
#1 /home/anditrip/public_html/wp-blog-header.php(19): require_once('/home/anditrip/...')
#2 /home/anditrip/public_html/index.php(17): require('/home/anditrip/...')
#3 {main}
  thrown

2019-02-27T18:43:32+00:00 CRITICAL Uncaught Error: Call to undefined function get_post_views() in /home/anditrip/public_html/wp-content/themes/anditrip/woocommerce/archive-product.php:195
Stack trace:
#0 /home/anditrip/public_html/wp-includes/template-loader.php(74): include()
#1 /home/anditrip/public_html/wp-blog-header.php(19): require_once('/home/anditrip/...')
#2 /home/anditrip/public_html/index.php(17): require('/home/anditrip/...')
#3 {main}
  thrown

2019-02-27T22:05:46+00:00 CRITICAL Uncaught Error: Call to undefined function get_post_views() in /home/anditrip/public_html/wp-content/themes/anditrip/woocommerce/archive-product.php:195
Stack trace:
#0 /home/anditrip/public_html/wp-includes/template-loader.php(74): include()
#1 /home/anditrip/public_html/wp-blog-header.php(19): require_once('/home/anditrip/...')
#2 /home/anditrip/public_html/index.php(17): require('/home/anditrip/...')
#3 {main}
  thrown

2019-02-28T18:04:44+00:00 CRITICAL Uncaught Error: Call to undefined function get_post_views() in /home/anditrip/public_html/wp-content/themes/anditrip/woocommerce/archive-product.php:195
Stack trace:
#0 /home/anditrip/public_html/wp-includes/template-loader.php(74): include()
#1 /home/anditrip/public_html/wp-blog-header.php(19): require_once('/home/anditrip/...')
#2 /home/anditrip/public_html/index.php(17): require('/home/anditrip/...')
#3 {main}
  thrown

2019-03-01T14:24:02+00:00 CRITICAL Uncaught Error: Call to undefined function get_post_views() in /home/anditrip/public_html/wp-content/themes/anditrip/woocommerce/archive-product.php:195
Stack trace:
#0 /home/anditrip/public_html/wp-includes/template-loader.php(74): include()
#1 /home/anditrip/public_html/wp-blog-header.php(19): require_once('/home/anditrip/...')
#2 /home/anditrip/public_html/index.php(17): require('/home/anditrip/...')
#3 {main}
  thrown

2019-03-02T05:37:55+00:00 CRITICAL Uncaught Error: Call to undefined function get_post_views() in /home/anditrip/public_html/wp-content/themes/anditrip/woocommerce/archive-product.php:195
Stack trace:
#0 /home/anditrip/public_html/wp-includes/template-loader.php(74): include()
#1 /home/anditrip/public_html/wp-blog-header.php(19): require_once('/home/anditrip/...')
#2 /home/anditrip/public_html/index.php(17): require('/home/anditrip/...')
#3 {main}
  thrown

2019-03-02T09:34:22+00:00 CRITICAL Uncaught Error: Call to undefined function get_post_views() in /home/anditrip/public_html/wp-content/themes/anditrip/woocommerce/archive-product.php:195
Stack trace:
#0 /home/anditrip/public_html/wp-includes/template-loader.php(74): include()
#1 /home/anditrip/public_html/wp-blog-header.php(19): require_once('/home/anditrip/...')
#2 /home/anditrip/public_html/index.php(17): require('/home/anditrip/...')
#3 {main}
  thrown

2019-03-02T10:12:24+00:00 CRITICAL Uncaught Error: Call to undefined function get_post_views() in /home/anditrip/public_html/wp-content/themes/anditrip/woocommerce/archive-product.php:195
Stack trace:
#0 /home/anditrip/public_html/wp-includes/template-loader.php(74): include()
#1 /home/anditrip/public_html/wp-blog-header.php(19): require_once('/home/anditrip/...')
#2 /home/anditrip/public_html/index.php(17): require('/home/anditrip/...')
#3 {main}
  thrown

2019-03-08T15:01:43+00:00 CRITICAL Uncaught Error: Call to undefined function get_post_views() in /home/anditrip/public_html/wp-content/themes/anditrip/woocommerce/archive-product.php:195
Stack trace:
#0 /home/anditrip/public_html/wp-includes/template-loader.php(74): include()
#1 /home/anditrip/public_html/wp-blog-header.php(19): require_once('/home/anditrip/...')
#2 /home/anditrip/public_html/index.php(17): require('/home/anditrip/...')
#3 {main}
  thrown

2019-03-08T16:26:36+00:00 CRITICAL Uncaught Error: Call to undefined function get_post_views() in /home/anditrip/public_html/wp-content/themes/anditrip/woocommerce/archive-product.php:195
Stack trace:
#0 /home/anditrip/public_html/wp-includes/template-loader.php(74): include()
#1 /home/anditrip/public_html/wp-blog-header.php(19): require_once('/home/anditrip/...')
#2 /home/anditrip/public_html/index.php(17): require('/home/anditrip/...')
#3 {main}
  thrown

2019-03-08T16:30:21+00:00 CRITICAL Uncaught Error: Call to undefined function get_post_views() in /home/anditrip/public_html/wp-content/themes/anditrip/woocommerce/archive-product.php:195
Stack trace:
#0 /home/anditrip/public_html/wp-includes/template-loader.php(74): include()
#1 /home/anditrip/public_html/wp-blog-header.php(19): require_once('/home/anditrip/...')
#2 /home/anditrip/public_html/index.php(17): require('/home/anditrip/...')
#3 {main}
  thrown

2019-03-09T03:54:25+00:00 CRITICAL Uncaught Error: Call to undefined function get_post_views() in /home/anditrip/public_html/wp-content/themes/anditrip/woocommerce/archive-product.php:195
Stack trace:
#0 /home/anditrip/public_html/wp-includes/template-loader.php(74): include()
#1 /home/anditrip/public_html/wp-blog-header.php(19): require_once('/home/anditrip/...')
#2 /home/anditrip/public_html/index.php(17): require('/home/anditrip/...')
#3 {main}
  thrown

2019-03-09T04:30:43+00:00 CRITICAL Uncaught Error: Call to undefined function get_post_views() in /home/anditrip/public_html/wp-content/themes/anditrip/woocommerce/archive-product.php:195
Stack trace:
#0 /home/anditrip/public_html/wp-includes/template-loader.php(74): include()
#1 /home/anditrip/public_html/wp-blog-header.php(19): require_once('/home/anditrip/...')
#2 /home/anditrip/public_html/index.php(17): require('/home/anditrip/...')
#3 {main}
  thrown

2019-03-09T05:50:42+00:00 CRITICAL Uncaught Error: Call to undefined function get_post_views() in /home/anditrip/public_html/wp-content/themes/anditrip/woocommerce/archive-product.php:195
Stack trace:
#0 /home/anditrip/public_html/wp-includes/template-loader.php(74): include()
#1 /home/anditrip/public_html/wp-blog-header.php(19): require_once('/home/anditrip/...')
#2 /home/anditrip/public_html/index.php(17): require('/home/anditrip/...')
#3 {main}
  thrown

2019-03-09T16:23:30+00:00 CRITICAL Uncaught Error: Call to undefined function get_post_views() in /home/anditrip/public_html/wp-content/themes/anditrip/woocommerce/archive-product.php:195
Stack trace:
#0 /home/anditrip/public_html/wp-includes/template-loader.php(74): include()
#1 /home/anditrip/public_html/wp-blog-header.php(19): require_once('/home/anditrip/...')
#2 /home/anditrip/public_html/index.php(17): require('/home/anditrip/...')
#3 {main}
  thrown

2019-03-10T00:48:59+00:00 CRITICAL Uncaught Error: Call to undefined function get_post_views() in /home/anditrip/public_html/wp-content/themes/anditrip/woocommerce/archive-product.php:195
Stack trace:
#0 /home/anditrip/public_html/wp-includes/template-loader.php(74): include()
#1 /home/anditrip/public_html/wp-blog-header.php(19): require_once('/home/anditrip/...')
#2 /home/anditrip/public_html/index.php(17): require('/home/anditrip/...')
#3 {main}
  thrown

2019-03-10T01:49:15+00:00 CRITICAL Uncaught Error: Call to undefined function get_post_views() in /home/anditrip/public_html/wp-content/themes/anditrip/woocommerce/archive-product.php:195
Stack trace:
#0 /home/anditrip/public_html/wp-includes/template-loader.php(74): include()
#1 /home/anditrip/public_html/wp-blog-header.php(19): require_once('/home/anditrip/...')
#2 /home/anditrip/public_html/index.php(17): require('/home/anditrip/...')
#3 {main}
  thrown

2019-03-10T04:56:50+00:00 CRITICAL Uncaught Error: Call to undefined function get_post_views() in /home/anditrip/public_html/wp-content/themes/anditrip/woocommerce/archive-product.php:195
Stack trace:
#0 /home/anditrip/public_html/wp-includes/template-loader.php(74): include()
#1 /home/anditrip/public_html/wp-blog-header.php(19): require_once('/home/anditrip/...')
#2 /home/anditrip/public_html/index.php(17): require('/home/anditrip/...')
#3 {main}
  thrown

2019-03-16T04:30:20+00:00 CRITICAL Uncaught Error: Call to undefined function get_post_views() in /home/anditrip/public_html/wp-content/themes/anditrip/woocommerce/archive-product.php:195
Stack trace:
#0 /home/anditrip/public_html/wp-includes/template-loader.php(74): include()
#1 /home/anditrip/public_html/wp-blog-header.php(19): require_once('/home/anditrip/...')
#2 /home/anditrip/public_html/index.php(17): require('/home/anditrip/...')
#3 {main}
  thrown

2019-03-16T08:08:40+00:00 CRITICAL Uncaught Error: Call to undefined function get_post_views() in /home/anditrip/public_html/wp-content/themes/anditrip/woocommerce/archive-product.php:195
Stack trace:
#0 /home/anditrip/public_html/wp-includes/template-loader.php(74): include()
#1 /home/anditrip/public_html/wp-blog-header.php(19): require_once('/home/anditrip/...')
#2 /home/anditrip/public_html/index.php(17): require('/home/anditrip/...')
#3 {main}
  thrown

2019-03-16T14:05:17+00:00 CRITICAL Uncaught Error: Call to undefined function get_post_views() in /home/anditrip/public_html/wp-content/themes/anditrip/woocommerce/archive-product.php:195
Stack trace:
#0 /home/anditrip/public_html/wp-includes/template-loader.php(74): include()
#1 /home/anditrip/public_html/wp-blog-header.php(19): require_once('/home/anditrip/...')
#2 /home/anditrip/public_html/index.php(17): require('/home/anditrip/...')
#3 {main}
  thrown

2019-03-16T21:08:24+00:00 CRITICAL Uncaught Error: Call to undefined function get_post_views() in /home/anditrip/public_html/wp-content/themes/anditrip/woocommerce/archive-product.php:195
Stack trace:
#0 /home/anditrip/public_html/wp-includes/template-loader.php(74): include()
#1 /home/anditrip/public_html/wp-blog-header.php(19): require_once('/home/anditrip/...')
#2 /home/anditrip/public_html/index.php(17): require('/home/anditrip/...')
#3 {main}
  thrown

2019-03-17T01:33:49+00:00 CRITICAL Uncaught Error: Call to undefined function get_post_views() in /home/anditrip/public_html/wp-content/themes/anditrip/woocommerce/archive-product.php:195
Stack trace:
#0 /home/anditrip/public_html/wp-includes/template-loader.php(74): include()
#1 /home/anditrip/public_html/wp-blog-header.php(19): require_once('/home/anditrip/...')
#2 /home/anditrip/public_html/index.php(17): require('/home/anditrip/...')
#3 {main}
  thrown

2019-03-17T02:42:55+00:00 CRITICAL Uncaught Error: Call to undefined function get_post_views() in /home/anditrip/public_html/wp-content/themes/anditrip/woocommerce/archive-product.php:195
Stack trace:
#0 /home/anditrip/public_html/wp-includes/template-loader.php(74): include()
#1 /home/anditrip/public_html/wp-blog-header.php(19): require_once('/home/anditrip/...')
#2 /home/anditrip/public_html/index.php(17): require('/home/anditrip/...')
#3 {main}
  thrown

2019-03-17T13:49:55+00:00 CRITICAL Uncaught Error: Call to undefined function get_post_views() in /home/anditrip/public_html/wp-content/themes/anditrip/woocommerce/archive-product.php:195
Stack trace:
#0 /home/anditrip/public_html/wp-includes/template-loader.php(74): include()
#1 /home/anditrip/public_html/wp-blog-header.php(19): require_once('/home/anditrip/...')
#2 /home/anditrip/public_html/index.php(17): require('/home/anditrip/...')
#3 {main}
  thrown

2019-03-18T23:09:04+00:00 CRITICAL Uncaught Error: Call to undefined function get_post_views() in /home/anditrip/public_html/wp-content/themes/anditrip/woocommerce/archive-product.php:195
Stack trace:
#0 /home/anditrip/public_html/wp-includes/template-loader.php(74): include()
#1 /home/anditrip/public_html/wp-blog-header.php(19): require_once('/home/anditrip/...')
#2 /home/anditrip/public_html/index.php(17): require('/home/anditrip/...')
#3 {main}
  thrown

2019-03-21T21:19:57+00:00 CRITICAL Uncaught Error: Call to undefined function get_post_views() in /home/anditrip/public_html/wp-content/themes/anditrip/woocommerce/archive-product.php:195
Stack trace:
#0 /home/anditrip/public_html/wp-includes/template-loader.php(74): include()
#1 /home/anditrip/public_html/wp-blog-header.php(19): require_once('/home/anditrip/...')
#2 /home/anditrip/public_html/index.php(17): require('/home/anditrip/...')
#3 {main}
  thrown

2019-03-23T21:14:04+00:00 CRITICAL Uncaught Error: Call to undefined function get_post_views() in /home/anditrip/public_html/wp-content/themes/anditrip/woocommerce/archive-product.php:195
Stack trace:
#0 /home/anditrip/public_html/wp-includes/template-loader.php(74): include()
#1 /home/anditrip/public_html/wp-blog-header.php(19): require_once('/home/anditrip/...')
#2 /home/anditrip/public_html/index.php(17): require('/home/anditrip/...')
#3 {main}
  thrown

2019-03-24T08:31:13+00:00 CRITICAL Uncaught Error: Call to undefined function get_post_views() in /home/anditrip/public_html/wp-content/themes/anditrip/woocommerce/archive-product.php:195
Stack trace:
#0 /home/anditrip/public_html/wp-includes/template-loader.php(74): include()
#1 /home/anditrip/public_html/wp-blog-header.php(19): require_once('/home/anditrip/...')
#2 /home/anditrip/public_html/index.php(17): require('/home/anditrip/...')
#3 {main}
  thrown

2019-03-24T15:15:53+00:00 CRITICAL Uncaught Error: Call to undefined function get_post_views() in /home/anditrip/public_html/wp-content/themes/anditrip/woocommerce/archive-product.php:195
Stack trace:
#0 /home/anditrip/public_html/wp-includes/template-loader.php(74): include()
#1 /home/anditrip/public_html/wp-blog-header.php(19): require_once('/home/anditrip/...')
#2 /home/anditrip/public_html/index.php(17): require('/home/anditrip/...')
#3 {main}
  thrown

2019-03-24T15:59:01+00:00 CRITICAL Uncaught Error: Call to undefined function get_post_views() in /home/anditrip/public_html/wp-content/themes/anditrip/woocommerce/archive-product.php:195
Stack trace:
#0 /home/anditrip/public_html/wp-includes/template-loader.php(74): include()
#1 /home/anditrip/public_html/wp-blog-header.php(19): require_once('/home/anditrip/...')
#2 /home/anditrip/public_html/index.php(17): require('/home/anditrip/...')
#3 {main}
  thrown

2019-03-25T02:02:41+00:00 CRITICAL Uncaught Error: Call to undefined function get_post_views() in /home/anditrip/public_html/wp-content/themes/anditrip/woocommerce/archive-product.php:195
Stack trace:
#0 /home/anditrip/public_html/wp-includes/template-loader.php(74): include()
#1 /home/anditrip/public_html/wp-blog-header.php(19): require_once('/home/anditrip/...')
#2 /home/anditrip/public_html/index.php(17): require('/home/anditrip/...')
#3 {main}
  thrown

2019-03-25T03:12:05+00:00 CRITICAL Uncaught Error: Call to undefined function get_post_views() in /home/anditrip/public_html/wp-content/themes/anditrip/woocommerce/archive-product.php:195
Stack trace:
#0 /home/anditrip/public_html/wp-includes/template-loader.php(74): include()
#1 /home/anditrip/public_html/wp-blog-header.php(19): require_once('/home/anditrip/...')
#2 /home/anditrip/public_html/index.php(17): require('/home/anditrip/...')
#3 {main}
  thrown

2019-03-25T10:11:21+00:00 CRITICAL Uncaught Error: Call to undefined function get_post_views() in /home/anditrip/public_html/wp-content/themes/anditrip/woocommerce/archive-product.php:195
Stack trace:
#0 /home/anditrip/public_html/wp-includes/template-loader.php(74): include()
#1 /home/anditrip/public_html/wp-blog-header.php(19): require_once('/home/anditrip/...')
#2 /home/anditrip/public_html/index.php(17): require('/home/anditrip/...')
#3 {main}
  thrown

2019-03-25T18:18:43+00:00 CRITICAL Uncaught Error: Call to undefined function get_post_views() in /home/anditrip/public_html/wp-content/themes/anditrip/woocommerce/archive-product.php:195
Stack trace:
#0 /home/anditrip/public_html/wp-includes/template-loader.php(74): include()
#1 /home/anditrip/public_html/wp-blog-header.php(19): require_once('/home/anditrip/...')
#2 /home/anditrip/public_html/index.php(17): require('/home/anditrip/...')
#3 {main}
  thrown

2019-03-25T20:07:08+00:00 CRITICAL Uncaught Error: Call to undefined function get_post_views() in /home/anditrip/public_html/wp-content/themes/anditrip/woocommerce/archive-product.php:195
Stack trace:
#0 /home/anditrip/public_html/wp-includes/template-loader.php(74): include()
#1 /home/anditrip/public_html/wp-blog-header.php(19): require_once('/home/anditrip/...')
#2 /home/anditrip/public_html/index.php(17): require('/home/anditrip/...')
#3 {main}
  thrown

2019-03-26T12:00:30+00:00 CRITICAL Uncaught Error: Call to undefined function get_post_views() in /home/anditrip/public_html/wp-content/themes/anditrip/woocommerce/archive-product.php:195
Stack trace:
#0 /home/anditrip/public_html/wp-includes/template-loader.php(74): include()
#1 /home/anditrip/public_html/wp-blog-header.php(19): require_once('/home/anditrip/...')
#2 /home/anditrip/public_html/index.php(17): require('/home/anditrip/...')
#3 {main}
  thrown

2019-03-27T02:14:53+00:00 CRITICAL Maximum execution time of 30 seconds exceeded

2019-03-30T10:13:26+00:00 CRITICAL Uncaught Error: Call to undefined function get_post_views() in /home/anditrip/public_html/wp-content/themes/anditrip/woocommerce/archive-product.php:195
Stack trace:
#0 /home/anditrip/public_html/wp-includes/template-loader.php(74): include()
#1 /home/anditrip/public_html/wp-blog-header.php(19): require_once('/home/anditrip/...')
#2 /home/anditrip/public_html/index.php(17): require('/home/anditrip/...')
#3 {main}
  thrown

2019-03-31T04:28:01+00:00 CRITICAL Uncaught Error: Call to undefined function get_post_views() in /home/anditrip/public_html/wp-content/themes/anditrip/woocommerce/archive-product.php:195
Stack trace:
#0 /home/anditrip/public_html/wp-includes/template-loader.php(74): include()
#1 /home/anditrip/public_html/wp-blog-header.php(19): require_once('/home/anditrip/...')
#2 /home/anditrip/public_html/index.php(17): require('/home/anditrip/...')
#3 {main}
  thrown

2019-04-03T04:11:38+00:00 CRITICAL Uncaught Error: Call to undefined function get_post_views() in /home/anditrip/public_html/wp-content/themes/anditrip/woocommerce/archive-product.php:195
Stack trace:
#0 /home/anditrip/public_html/wp-includes/template-loader.php(74): include()
#1 /home/anditrip/public_html/wp-blog-header.php(19): require_once('/home/anditrip/...')
#2 /home/anditrip/public_html/index.php(17): require('/home/anditrip/...')
#3 {main}
  thrown

2019-04-03T06:03:06+00:00 CRITICAL Uncaught Error: Call to undefined function get_post_views() in /home/anditrip/public_html/wp-content/themes/anditrip/woocommerce/archive-product.php:195
Stack trace:
#0 /home/anditrip/public_html/wp-includes/template-loader.php(74): include()
#1 /home/anditrip/public_html/wp-blog-header.php(19): require_once('/home/anditrip/...')
#2 /home/anditrip/public_html/index.php(17): require('/home/anditrip/...')
#3 {main}
  thrown

2019-04-03T19:34:50+00:00 CRITICAL Uncaught Error: Call to undefined function get_post_views() in /home/anditrip/public_html/wp-content/themes/anditrip/woocommerce/archive-product.php:195
Stack trace:
#0 /home/anditrip/public_html/wp-includes/template-loader.php(74): include()
#1 /home/anditrip/public_html/wp-blog-header.php(19): require_once('/home/anditrip/...')
#2 /home/anditrip/public_html/index.php(17): require('/home/anditrip/...')
#3 {main}
  thrown

2019-04-04T00:35:06+00:00 CRITICAL Uncaught Error: Call to undefined function get_post_views() in /home/anditrip/public_html/wp-content/themes/anditrip/woocommerce/archive-product.php:195
Stack trace:
#0 /home/anditrip/public_html/wp-includes/template-loader.php(74): include()
#1 /home/anditrip/public_html/wp-blog-header.php(19): require_once('/home/anditrip/...')
#2 /home/anditrip/public_html/index.php(17): require('/home/anditrip/...')
#3 {main}
  thrown

2019-04-06T02:07:29+00:00 CRITICAL Uncaught Error: Call to undefined function get_post_views() in /home/anditrip/public_html/wp-content/themes/anditrip/woocommerce/archive-product.php:195
Stack trace:
#0 /home/anditrip/public_html/wp-includes/template-loader.php(74): include()
#1 /home/anditrip/public_html/wp-blog-header.php(19): require_once('/home/anditrip/...')
#2 /home/anditrip/public_html/index.php(17): require('/home/anditrip/...')
#3 {main}
  thrown

2019-04-06T13:49:10+00:00 CRITICAL Uncaught Error: Call to undefined function get_post_views() in /home/anditrip/public_html/wp-content/themes/anditrip/woocommerce/archive-product.php:195
Stack trace:
#0 /home/anditrip/public_html/wp-includes/template-loader.php(74): include()
#1 /home/anditrip/public_html/wp-blog-header.php(19): require_once('/home/anditrip/...')
#2 /home/anditrip/public_html/index.php(17): require('/home/anditrip/...')
#3 {main}
  thrown

2019-04-08T09:05:04+00:00 CRITICAL Uncaught Error: Call to undefined function get_post_views() in /home/anditrip/public_html/wp-content/themes/anditrip/woocommerce/archive-product.php:195
Stack trace:
#0 /home/anditrip/public_html/wp-includes/template-loader.php(74): include()
#1 /home/anditrip/public_html/wp-blog-header.php(19): require_once('/home/anditrip/...')
#2 /home/anditrip/public_html/index.php(17): require('/home/anditrip/...')
#3 {main}
  thrown

2019-04-09T11:43:40+00:00 CRITICAL Uncaught Error: Call to undefined function get_post_views() in /home/anditrip/public_html/wp-content/themes/anditrip/woocommerce/archive-product.php:195
Stack trace:
#0 /home/anditrip/public_html/wp-includes/template-loader.php(74): include()
#1 /home/anditrip/public_html/wp-blog-header.php(19): require_once('/home/anditrip/...')
#2 /home/anditrip/public_html/index.php(17): require('/home/anditrip/...')
#3 {main}
  thrown

2019-04-12T02:31:35+00:00 CRITICAL Uncaught Error: Call to undefined function get_post_views() in /home/anditrip/public_html/wp-content/themes/anditrip/woocommerce/archive-product.php:195
Stack trace:
#0 /home/anditrip/public_html/wp-includes/template-loader.php(74): include()
#1 /home/anditrip/public_html/wp-blog-header.php(19): require_once('/home/anditrip/...')
#2 /home/anditrip/public_html/index.php(17): require('/home/anditrip/...')
#3 {main}
  thrown

2019-04-12T10:14:27+00:00 CRITICAL Uncaught Error: Call to undefined function get_post_views() in /home/anditrip/public_html/wp-content/themes/anditrip/woocommerce/archive-product.php:195
Stack trace:
#0 /home/anditrip/public_html/wp-includes/template-loader.php(74): include()
#1 /home/anditrip/public_html/wp-blog-header.php(19): require_once('/home/anditrip/...')
#2 /home/anditrip/public_html/index.php(17): require('/home/anditrip/...')
#3 {main}
  thrown

2019-04-13T02:14:22+00:00 CRITICAL Maximum execution time of 30 seconds exceeded

2019-04-13T04:36:26+00:00 CRITICAL Uncaught Error: Call to undefined function get_post_views() in /home/anditrip/public_html/wp-content/themes/anditrip/woocommerce/archive-product.php:195
Stack trace:
#0 /home/anditrip/public_html/wp-includes/template-loader.php(74): include()
#1 /home/anditrip/public_html/wp-blog-header.php(19): require_once('/home/anditrip/...')
#2 /home/anditrip/public_html/index.php(17): require('/home/anditrip/...')
#3 {main}
  thrown

