07-27-2018 @ 15:17:10 - (error): Payment error: Error creating resource: [message] fopen(): SSL: Connection reset by peer
[file] /var/www/html/anditrip/wp-content/plugins/woocommerce-gateway-placetopay/vendor/guzzlehttp/guzzle/src/Handler/StreamHandler.php
[line] 323
[message] fopen(https://test.placetopay.com/redirection/api/session): failed to open stream: HTTP request failed! 
[file] /var/www/html/anditrip/wp-content/plugins/woocommerce-gateway-placetopay/vendor/guzzlehttp/guzzle/src/Handler/StreamHandler.php
[line] 323 ON /var/www/html/anditrip/wp-content/plugins/woocommerce-gateway-placetopay/vendor/guzzlehttp/guzzle/src/Exception/RequestException.php LINE 52 [GuzzleHttp\Exception\RequestException]
07-27-2018 @ 15:24:41 - (error): Payment error: Error creating resource: [message] fopen(): SSL: Connection reset by peer
[file] /var/www/html/anditrip/wp-content/plugins/woocommerce-gateway-placetopay/vendor/guzzlehttp/guzzle/src/Handler/StreamHandler.php
[line] 323
[message] fopen(https://test.placetopay.com/redirection/api/session): failed to open stream: HTTP request failed! 
[file] /var/www/html/anditrip/wp-content/plugins/woocommerce-gateway-placetopay/vendor/guzzlehttp/guzzle/src/Handler/StreamHandler.php
[line] 323 ON /var/www/html/anditrip/wp-content/plugins/woocommerce-gateway-placetopay/vendor/guzzlehttp/guzzle/src/Exception/RequestException.php LINE 52 [GuzzleHttp\Exception\RequestException]
07-27-2018 @ 15:40:38 - (error): Payment error: Error creating resource: [message] fopen(): php_network_getaddresses: getaddrinfo failed: Temporary failure in name resolution
[file] /var/www/html/anditrip/wp-content/plugins/woocommerce-gateway-placetopay/vendor/guzzlehttp/guzzle/src/Handler/StreamHandler.php
[line] 323
[message] fopen(https://test.placetopay.com/redirection/api/session): failed to open stream: php_network_getaddresses: getaddrinfo failed: Temporary failure in name resolution
[file] /var/www/html/anditrip/wp-content/plugins/woocommerce-gateway-placetopay/vendor/guzzlehttp/guzzle/src/Handler/StreamHandler.php
[line] 323 ON /var/www/html/anditrip/wp-content/plugins/woocommerce-gateway-placetopay/vendor/guzzlehttp/guzzle/src/Handler/StreamHandler.php LINE 65 [GuzzleHttp\Exception\ConnectException]
07-27-2018 @ 16:23:56 - (error): Payment error: Error creating resource: [message] fopen(): php_network_getaddresses: getaddrinfo failed: Temporary failure in name resolution
[file] /var/www/html/anditrip/wp-content/plugins/woocommerce-gateway-placetopay/vendor/guzzlehttp/guzzle/src/Handler/StreamHandler.php
[line] 323
[message] fopen(https://test.placetopay.com/redirection/api/session): failed to open stream: php_network_getaddresses: getaddrinfo failed: Temporary failure in name resolution
[file] /var/www/html/anditrip/wp-content/plugins/woocommerce-gateway-placetopay/vendor/guzzlehttp/guzzle/src/Handler/StreamHandler.php
[line] 323 ON /var/www/html/anditrip/wp-content/plugins/woocommerce-gateway-placetopay/vendor/guzzlehttp/guzzle/src/Handler/StreamHandler.php LINE 65 [GuzzleHttp\Exception\ConnectException]
08-07-2018 @ 17:06:48 - (rest_api_init): register rest route
08-10-2018 @ 13:51:23 - (PlacetoPay\PaymentMethod\GatewayMethod::returnProcess): Processing order #350 with status REJECTED
08-10-2018 @ 13:51:30 - (REJECTED): Inválido el valor total a pagar, puede estar por fuera de los topes de transacción
08-10-2018 @ 14:04:40 - (PlacetoPay\PaymentMethod\GatewayMethod::returnProcess): Processing order #351 with status REJECTED
08-10-2018 @ 14:04:48 - (REJECTED): Inválido el valor total a pagar, puede estar por fuera de los topes de transacción
08-10-2018 @ 14:15:43 - (PlacetoPay\PaymentMethod\GatewayMethod::returnProcess): Processing order #352 with status REJECTED
08-10-2018 @ 14:15:56 - (REJECTED): Inválido el valor total a pagar, puede estar por fuera de los topes de transacción
08-10-2018 @ 14:19:57 - (PlacetoPay\PaymentMethod\GatewayMethod::returnProcess): Processing order #353 with status APPROVED
08-10-2018 @ 14:20:00 - (PlacetoPay\PaymentMethod\GatewayMethod::returnProcess): Payment approved for order # 353
08-10-2018 @ 14:20:33 - (PlacetoPay\PaymentMethod\GatewayMethod::returnProcess): Processing order #353 with status APPROVED
08-10-2018 @ 14:20:34 - (PlacetoPay\PaymentMethod\GatewayMethod::returnProcess): Payment approved for order # 353
08-10-2018 @ 14:26:25 - (PlacetoPay\PaymentMethod\GatewayMethod::returnProcess): Processing order #354 with status PENDING
08-10-2018 @ 14:33:14 - (PlacetoPay\PaymentMethod\GatewayMethod::returnProcess): Processing order #355 with status REJECTED
08-13-2018 @ 17:12:31 - (rest_api_init): register rest route
08-13-2018 @ 22:34:09 - (rest_api_init): register rest route
08-15-2018 @ 01:28:40 - (rest_api_init): register rest route
08-16-2018 @ 11:04:36 - (rest_api_init): register rest route
08-16-2018 @ 20:14:55 - (PlacetoPay\PaymentMethod\GatewayMethod::returnProcess): Processing order #367 with status PENDING
08-16-2018 @ 20:24:05 - (rest_api_init): register rest route
08-16-2018 @ 20:24:36 - (rest_api_init): register rest route
08-16-2018 @ 20:24:36 - (endpointPlacetoPay): starting request api
08-16-2018 @ 20:24:37 - (PlacetoPay\PaymentMethod\GatewayMethod::returnProcess): Processing order #367 with status APPROVED
08-16-2018 @ 20:24:40 - (PlacetoPay\PaymentMethod\GatewayMethod::returnProcess): Payment approved for order # 367
08-16-2018 @ 20:24:40 - (PlacetoPay\PaymentMethod\GatewayMethod::returnProcess): Returning method with status APPROVED
08-16-2018 @ 20:24:40 - (endpointPlacetoPay): Response successfully
08-16-2018 @ 20:29:36 - (PlacetoPay\PaymentMethod\GatewayMethod::returnProcess): Processing order #370 with status REJECTED
08-17-2018 @ 19:42:19 - (PlacetoPay\PaymentMethod\GatewayMethod::returnProcess): Processing order #374 with status APPROVED
08-17-2018 @ 19:42:24 - (PlacetoPay\PaymentMethod\GatewayMethod::returnProcess): Payment approved for order # 374
08-17-2018 @ 19:42:28 - (PlacetoPay\PaymentMethod\GatewayMethod::returnProcess): Processing order #374 with status APPROVED
08-17-2018 @ 19:42:28 - (PlacetoPay\PaymentMethod\GatewayMethod::returnProcess): Payment approved for order # 374
08-20-2018 @ 05:53:07 - (rest_api_init): register rest route
08-27-2018 @ 10:07:41 - (rest_api_init): register rest route
08-30-2018 @ 08:01:14 - (rest_api_init): register rest route
08-30-2018 @ 16:27:04 - (rest_api_init): register rest route
08-30-2018 @ 16:40:47 - (rest_api_init): register rest route
08-30-2018 @ 21:34:34 - (rest_api_init): register rest route
09-03-2018 @ 04:46:19 - (rest_api_init): register rest route
09-04-2018 @ 15:06:51 - (rest_api_init): register rest route
09-06-2018 @ 08:21:15 - (rest_api_init): register rest route
09-06-2018 @ 09:27:56 - (rest_api_init): register rest route
09-06-2018 @ 14:06:41 - (rest_api_init): register rest route
09-07-2018 @ 14:25:29 - (rest_api_init): register rest route
09-07-2018 @ 16:28:14 - (rest_api_init): register rest route
09-07-2018 @ 22:33:16 - (rest_api_init): register rest route
09-09-2018 @ 08:16:44 - (rest_api_init): register rest route
09-09-2018 @ 17:02:20 - (rest_api_init): register rest route
09-10-2018 @ 10:30:14 - (rest_api_init): register rest route
09-10-2018 @ 18:23:05 - (rest_api_init): register rest route
09-11-2018 @ 23:12:37 - (rest_api_init): register rest route
09-12-2018 @ 02:43:30 - (rest_api_init): register rest route
09-12-2018 @ 12:41:20 - (rest_api_init): register rest route
09-12-2018 @ 13:36:20 - (rest_api_init): register rest route
09-13-2018 @ 02:46:00 - (rest_api_init): register rest route
09-13-2018 @ 08:31:50 - (rest_api_init): register rest route
09-13-2018 @ 18:16:02 - (rest_api_init): register rest route
09-13-2018 @ 18:49:21 - (rest_api_init): register rest route
09-14-2018 @ 01:17:28 - (rest_api_init): register rest route
09-14-2018 @ 01:17:28 - (rest_api_init): register rest route
09-14-2018 @ 01:17:45 - (rest_api_init): register rest route
09-14-2018 @ 01:18:37 - (rest_api_init): register rest route
09-14-2018 @ 01:19:01 - (rest_api_init): register rest route
09-14-2018 @ 01:20:04 - (rest_api_init): register rest route
09-14-2018 @ 01:20:28 - (rest_api_init): register rest route
09-14-2018 @ 01:21:11 - (rest_api_init): register rest route
09-14-2018 @ 01:21:13 - (rest_api_init): register rest route
09-14-2018 @ 01:21:53 - (rest_api_init): register rest route
09-14-2018 @ 01:22:13 - (rest_api_init): register rest route
09-14-2018 @ 01:22:18 - (rest_api_init): register rest route
09-14-2018 @ 01:22:22 - (rest_api_init): register rest route
09-14-2018 @ 01:22:48 - (rest_api_init): register rest route
09-14-2018 @ 01:22:48 - (rest_api_init): register rest route
09-14-2018 @ 01:23:34 - (rest_api_init): register rest route
09-14-2018 @ 01:25:44 - (rest_api_init): register rest route
09-14-2018 @ 01:25:56 - (rest_api_init): register rest route
09-14-2018 @ 01:26:04 - (rest_api_init): register rest route
09-14-2018 @ 01:26:32 - (rest_api_init): register rest route
09-14-2018 @ 01:26:51 - (rest_api_init): register rest route
09-14-2018 @ 01:26:59 - (rest_api_init): register rest route
09-14-2018 @ 01:27:10 - (rest_api_init): register rest route
09-14-2018 @ 01:27:28 - (rest_api_init): register rest route
09-14-2018 @ 01:27:44 - (rest_api_init): register rest route
09-14-2018 @ 01:27:57 - (rest_api_init): register rest route
09-14-2018 @ 01:28:07 - (rest_api_init): register rest route
09-14-2018 @ 01:28:13 - (rest_api_init): register rest route
09-14-2018 @ 01:28:25 - (rest_api_init): register rest route
09-14-2018 @ 01:28:45 - (rest_api_init): register rest route
09-14-2018 @ 01:29:12 - (rest_api_init): register rest route
09-14-2018 @ 01:29:36 - (rest_api_init): register rest route
09-14-2018 @ 01:29:42 - (rest_api_init): register rest route
09-14-2018 @ 01:29:49 - (rest_api_init): register rest route
09-14-2018 @ 01:30:12 - (rest_api_init): register rest route
09-14-2018 @ 01:30:13 - (rest_api_init): register rest route
09-14-2018 @ 01:30:24 - (rest_api_init): register rest route
09-14-2018 @ 01:30:29 - (rest_api_init): register rest route
09-14-2018 @ 01:30:33 - (rest_api_init): register rest route
09-14-2018 @ 01:31:32 - (rest_api_init): register rest route
09-14-2018 @ 01:33:04 - (rest_api_init): register rest route
09-14-2018 @ 01:33:21 - (rest_api_init): register rest route
09-14-2018 @ 01:33:29 - (rest_api_init): register rest route
09-14-2018 @ 01:33:40 - (rest_api_init): register rest route
09-14-2018 @ 01:34:03 - (rest_api_init): register rest route
09-14-2018 @ 01:34:28 - (rest_api_init): register rest route
09-14-2018 @ 01:34:42 - (rest_api_init): register rest route
09-14-2018 @ 01:34:54 - (rest_api_init): register rest route
09-14-2018 @ 01:35:05 - (rest_api_init): register rest route
09-14-2018 @ 01:35:19 - (rest_api_init): register rest route
09-14-2018 @ 01:36:07 - (rest_api_init): register rest route
09-14-2018 @ 01:36:37 - (rest_api_init): register rest route
09-14-2018 @ 01:37:20 - (rest_api_init): register rest route
09-14-2018 @ 01:37:28 - (rest_api_init): register rest route
09-14-2018 @ 01:37:43 - (rest_api_init): register rest route
09-14-2018 @ 01:37:46 - (rest_api_init): register rest route
09-14-2018 @ 01:38:22 - (rest_api_init): register rest route
09-14-2018 @ 01:38:53 - (rest_api_init): register rest route
09-14-2018 @ 01:39:48 - (rest_api_init): register rest route
09-14-2018 @ 01:40:03 - (rest_api_init): register rest route
09-14-2018 @ 01:40:47 - (rest_api_init): register rest route
09-14-2018 @ 01:41:17 - (rest_api_init): register rest route
09-14-2018 @ 01:41:33 - (rest_api_init): register rest route
09-14-2018 @ 01:42:01 - (rest_api_init): register rest route
09-14-2018 @ 01:42:15 - (rest_api_init): register rest route
09-14-2018 @ 01:43:10 - (rest_api_init): register rest route
09-14-2018 @ 01:43:19 - (rest_api_init): register rest route
09-14-2018 @ 01:43:27 - (rest_api_init): register rest route
09-14-2018 @ 01:43:34 - (rest_api_init): register rest route
09-14-2018 @ 01:43:41 - (rest_api_init): register rest route
09-14-2018 @ 01:43:59 - (rest_api_init): register rest route
09-14-2018 @ 01:44:05 - (rest_api_init): register rest route
09-14-2018 @ 01:44:55 - (rest_api_init): register rest route
09-14-2018 @ 01:45:47 - (rest_api_init): register rest route
09-14-2018 @ 01:45:48 - (rest_api_init): register rest route
09-14-2018 @ 01:46:20 - (rest_api_init): register rest route
09-14-2018 @ 01:47:09 - (rest_api_init): register rest route
09-14-2018 @ 01:47:32 - (rest_api_init): register rest route
09-14-2018 @ 01:47:57 - (rest_api_init): register rest route
09-14-2018 @ 01:48:22 - (rest_api_init): register rest route
09-14-2018 @ 01:48:32 - (rest_api_init): register rest route
09-14-2018 @ 01:48:33 - (rest_api_init): register rest route
09-14-2018 @ 01:48:50 - (rest_api_init): register rest route
09-14-2018 @ 01:49:03 - (rest_api_init): register rest route
09-14-2018 @ 01:49:07 - (rest_api_init): register rest route
09-14-2018 @ 01:49:22 - (rest_api_init): register rest route
09-14-2018 @ 01:49:38 - (rest_api_init): register rest route
09-14-2018 @ 01:50:00 - (rest_api_init): register rest route
09-14-2018 @ 01:50:12 - (rest_api_init): register rest route
09-14-2018 @ 01:50:52 - (rest_api_init): register rest route
09-14-2018 @ 02:40:12 - (rest_api_init): register rest route
09-14-2018 @ 06:12:43 - (rest_api_init): register rest route
09-14-2018 @ 08:34:50 - (rest_api_init): register rest route
09-15-2018 @ 02:11:24 - (rest_api_init): register rest route
09-15-2018 @ 06:55:31 - (rest_api_init): register rest route
09-15-2018 @ 17:52:58 - (rest_api_init): register rest route
09-16-2018 @ 23:54:40 - (rest_api_init): register rest route
09-17-2018 @ 04:21:22 - (rest_api_init): register rest route
09-17-2018 @ 20:07:08 - (rest_api_init): register rest route
09-18-2018 @ 05:35:30 - (rest_api_init): register rest route
09-18-2018 @ 08:12:53 - (rest_api_init): register rest route
09-18-2018 @ 12:10:09 - (rest_api_init): register rest route
09-18-2018 @ 15:32:18 - (rest_api_init): register rest route
09-19-2018 @ 13:27:26 - (rest_api_init): register rest route
09-20-2018 @ 10:28:40 - (rest_api_init): register rest route
09-20-2018 @ 10:54:23 - (rest_api_init): register rest route
09-20-2018 @ 13:54:23 - (rest_api_init): register rest route
09-21-2018 @ 10:12:36 - (rest_api_init): register rest route
09-22-2018 @ 02:37:23 - (rest_api_init): register rest route
09-22-2018 @ 09:08:32 - (rest_api_init): register rest route
09-22-2018 @ 18:17:46 - (rest_api_init): register rest route
09-22-2018 @ 19:40:54 - (rest_api_init): register rest route
09-22-2018 @ 22:10:38 - (rest_api_init): register rest route
09-23-2018 @ 01:10:38 - (rest_api_init): register rest route
09-23-2018 @ 22:40:56 - (rest_api_init): register rest route
09-24-2018 @ 18:27:13 - (rest_api_init): register rest route
09-26-2018 @ 18:44:34 - (rest_api_init): register rest route
09-26-2018 @ 20:57:54 - (rest_api_init): register rest route
09-27-2018 @ 02:09:40 - (rest_api_init): register rest route
09-27-2018 @ 20:52:10 - (rest_api_init): register rest route
09-27-2018 @ 21:58:50 - (rest_api_init): register rest route
09-28-2018 @ 01:14:31 - (rest_api_init): register rest route
09-28-2018 @ 16:21:03 - (rest_api_init): register rest route
09-29-2018 @ 06:45:01 - (rest_api_init): register rest route
09-29-2018 @ 13:53:08 - (rest_api_init): register rest route
09-29-2018 @ 18:17:03 - (rest_api_init): register rest route
09-29-2018 @ 22:31:48 - (rest_api_init): register rest route
09-30-2018 @ 02:09:57 - (rest_api_init): register rest route
09-30-2018 @ 07:14:24 - (rest_api_init): register rest route
10-01-2018 @ 21:22:26 - (rest_api_init): register rest route
10-02-2018 @ 05:14:25 - (rest_api_init): register rest route
10-02-2018 @ 16:50:47 - (rest_api_init): register rest route
10-02-2018 @ 17:57:13 - (rest_api_init): register rest route
10-02-2018 @ 23:26:14 - (rest_api_init): register rest route
10-03-2018 @ 09:50:06 - (rest_api_init): register rest route
10-03-2018 @ 19:57:02 - (rest_api_init): register rest route
10-04-2018 @ 10:19:28 - (rest_api_init): register rest route
10-04-2018 @ 13:09:18 - (rest_api_init): register rest route
10-05-2018 @ 17:12:19 - (rest_api_init): register rest route
10-08-2018 @ 10:03:46 - (rest_api_init): register rest route
10-08-2018 @ 11:47:49 - (rest_api_init): register rest route
10-08-2018 @ 12:33:22 - (rest_api_init): register rest route
10-09-2018 @ 01:54:57 - (rest_api_init): register rest route
10-09-2018 @ 09:17:38 - (rest_api_init): register rest route
10-09-2018 @ 15:37:04 - (rest_api_init): register rest route
10-09-2018 @ 23:58:25 - (rest_api_init): register rest route
10-10-2018 @ 08:09:16 - (rest_api_init): register rest route
10-10-2018 @ 15:50:48 - (rest_api_init): register rest route
10-10-2018 @ 19:06:13 - (rest_api_init): register rest route
10-11-2018 @ 03:19:11 - (rest_api_init): register rest route
10-11-2018 @ 05:53:26 - (rest_api_init): register rest route
10-11-2018 @ 11:07:28 - (rest_api_init): register rest route
10-12-2018 @ 01:53:08 - (rest_api_init): register rest route
10-12-2018 @ 06:32:23 - (rest_api_init): register rest route
10-12-2018 @ 08:14:27 - (rest_api_init): register rest route
10-12-2018 @ 12:06:47 - (rest_api_init): register rest route
10-12-2018 @ 12:59:48 - (rest_api_init): register rest route
10-12-2018 @ 16:40:29 - (rest_api_init): register rest route
10-12-2018 @ 22:09:51 - (rest_api_init): register rest route
10-13-2018 @ 00:05:26 - (rest_api_init): register rest route
10-13-2018 @ 01:12:05 - (rest_api_init): register rest route
10-13-2018 @ 05:50:26 - (rest_api_init): register rest route
10-13-2018 @ 10:15:15 - (rest_api_init): register rest route
10-13-2018 @ 14:27:22 - (rest_api_init): register rest route
10-13-2018 @ 18:19:25 - (rest_api_init): register rest route
10-14-2018 @ 02:45:57 - (rest_api_init): register rest route
10-14-2018 @ 04:15:58 - (rest_api_init): register rest route
10-14-2018 @ 20:54:01 - (rest_api_init): register rest route
10-15-2018 @ 00:53:04 - (rest_api_init): register rest route
10-15-2018 @ 05:48:45 - (rest_api_init): register rest route
10-15-2018 @ 07:29:55 - (rest_api_init): register rest route
10-17-2018 @ 04:27:23 - (rest_api_init): register rest route
10-18-2018 @ 02:08:43 - (rest_api_init): register rest route
10-18-2018 @ 07:51:13 - (rest_api_init): register rest route
10-18-2018 @ 09:54:58 - (rest_api_init): register rest route
10-18-2018 @ 14:17:57 - (rest_api_init): register rest route
10-18-2018 @ 14:18:37 - (rest_api_init): register rest route
10-18-2018 @ 14:19:01 - (rest_api_init): register rest route
10-18-2018 @ 14:19:27 - (rest_api_init): register rest route
10-18-2018 @ 14:26:33 - (rest_api_init): register rest route
10-18-2018 @ 14:29:42 - (rest_api_init): register rest route
10-18-2018 @ 14:30:06 - (rest_api_init): register rest route
10-18-2018 @ 14:30:25 - (rest_api_init): register rest route
10-18-2018 @ 14:31:36 - (rest_api_init): register rest route
10-18-2018 @ 14:32:15 - (rest_api_init): register rest route
10-18-2018 @ 14:32:57 - (rest_api_init): register rest route
10-18-2018 @ 14:33:43 - (rest_api_init): register rest route
10-20-2018 @ 14:49:57 - (rest_api_init): register rest route
10-21-2018 @ 02:33:04 - (rest_api_init): register rest route
10-21-2018 @ 06:42:45 - (rest_api_init): register rest route
10-21-2018 @ 08:42:46 - (rest_api_init): register rest route
10-22-2018 @ 03:54:03 - (rest_api_init): register rest route
10-22-2018 @ 09:21:45 - (rest_api_init): register rest route
10-22-2018 @ 18:06:52 - (rest_api_init): register rest route
10-22-2018 @ 18:07:19 - (rest_api_init): register rest route
10-22-2018 @ 18:07:30 - (rest_api_init): register rest route
10-22-2018 @ 18:15:49 - (rest_api_init): register rest route
10-22-2018 @ 18:18:49 - (rest_api_init): register rest route
10-22-2018 @ 18:19:08 - (rest_api_init): register rest route
10-22-2018 @ 18:19:42 - (rest_api_init): register rest route
10-22-2018 @ 18:22:01 - (rest_api_init): register rest route
10-22-2018 @ 18:22:49 - (rest_api_init): register rest route
10-22-2018 @ 18:23:16 - (rest_api_init): register rest route
10-22-2018 @ 18:23:46 - (rest_api_init): register rest route
10-22-2018 @ 19:09:33 - (rest_api_init): register rest route
10-23-2018 @ 05:07:15 - (rest_api_init): register rest route
10-23-2018 @ 05:07:39 - (rest_api_init): register rest route
10-23-2018 @ 05:07:39 - (rest_api_init): register rest route
10-23-2018 @ 05:08:26 - (rest_api_init): register rest route
10-23-2018 @ 05:08:42 - (rest_api_init): register rest route
10-23-2018 @ 05:08:42 - (rest_api_init): register rest route
10-23-2018 @ 05:13:10 - (rest_api_init): register rest route
10-23-2018 @ 05:13:17 - (rest_api_init): register rest route
10-23-2018 @ 05:13:18 - (rest_api_init): register rest route
10-23-2018 @ 06:09:19 - (rest_api_init): register rest route
10-23-2018 @ 06:09:29 - (rest_api_init): register rest route
10-23-2018 @ 06:09:29 - (rest_api_init): register rest route
10-23-2018 @ 11:16:57 - (rest_api_init): register rest route
10-23-2018 @ 12:33:05 - (rest_api_init): register rest route
10-23-2018 @ 14:57:25 - (rest_api_init): register rest route
10-23-2018 @ 15:01:29 - (rest_api_init): register rest route
10-23-2018 @ 15:01:59 - (rest_api_init): register rest route
10-23-2018 @ 15:04:33 - (rest_api_init): register rest route
10-23-2018 @ 15:15:37 - (rest_api_init): register rest route
10-23-2018 @ 15:21:12 - (rest_api_init): register rest route
10-23-2018 @ 15:21:47 - (rest_api_init): register rest route
10-23-2018 @ 15:22:06 - (rest_api_init): register rest route
10-23-2018 @ 15:23:25 - (rest_api_init): register rest route
10-23-2018 @ 15:24:01 - (rest_api_init): register rest route
10-23-2018 @ 15:24:34 - (rest_api_init): register rest route
10-23-2018 @ 15:27:36 - (rest_api_init): register rest route
10-23-2018 @ 18:08:54 - (rest_api_init): register rest route
10-24-2018 @ 18:31:12 - (rest_api_init): register rest route
10-24-2018 @ 22:15:27 - (rest_api_init): register rest route
10-26-2018 @ 02:02:39 - (rest_api_init): register rest route
10-26-2018 @ 23:51:05 - (rest_api_init): register rest route
10-27-2018 @ 10:34:05 - (rest_api_init): register rest route
10-27-2018 @ 15:44:47 - (rest_api_init): register rest route
10-30-2018 @ 15:49:36 - (rest_api_init): register rest route
10-31-2018 @ 15:43:31 - (rest_api_init): register rest route
11-01-2018 @ 14:12:09 - (rest_api_init): register rest route
11-01-2018 @ 15:18:50 - (rest_api_init): register rest route
11-04-2018 @ 13:50:50 - (rest_api_init): register rest route
11-05-2018 @ 13:02:05 - (rest_api_init): register rest route
11-06-2018 @ 06:15:09 - (rest_api_init): register rest route
11-07-2018 @ 15:57:48 - (rest_api_init): register rest route
11-10-2018 @ 06:24:49 - (rest_api_init): register rest route
11-11-2018 @ 22:19:32 - (rest_api_init): register rest route
11-12-2018 @ 23:58:23 - (rest_api_init): register rest route
11-16-2018 @ 06:14:50 - (rest_api_init): register rest route
11-16-2018 @ 18:31:34 - (rest_api_init): register rest route
11-16-2018 @ 18:31:38 - (rest_api_init): register rest route
11-18-2018 @ 19:57:58 - (rest_api_init): register rest route
11-19-2018 @ 12:39:03 - (rest_api_init): register rest route
11-19-2018 @ 17:12:53 - (rest_api_init): register rest route
11-20-2018 @ 02:17:19 - (rest_api_init): register rest route
11-20-2018 @ 05:17:18 - (rest_api_init): register rest route
11-20-2018 @ 13:39:10 - (rest_api_init): register rest route
11-20-2018 @ 14:12:29 - (rest_api_init): register rest route
11-20-2018 @ 21:50:51 - (rest_api_init): register rest route
11-21-2018 @ 12:47:28 - (rest_api_init): register rest route
11-21-2018 @ 17:45:29 - (rest_api_init): register rest route
11-22-2018 @ 02:57:49 - (rest_api_init): register rest route
11-22-2018 @ 05:58:03 - (rest_api_init): register rest route
11-25-2018 @ 20:31:47 - (rest_api_init): register rest route
11-26-2018 @ 14:40:53 - (rest_api_init): register rest route
11-27-2018 @ 08:12:06 - (rest_api_init): register rest route
11-27-2018 @ 09:18:44 - (rest_api_init): register rest route
11-27-2018 @ 13:47:07 - (rest_api_init): register rest route
11-27-2018 @ 13:47:22 - (rest_api_init): register rest route
11-27-2018 @ 13:47:22 - (rest_api_init): register rest route
11-27-2018 @ 13:47:54 - (rest_api_init): register rest route
11-27-2018 @ 13:47:55 - (rest_api_init): register rest route
11-27-2018 @ 19:42:26 - (rest_api_init): register rest route
11-28-2018 @ 18:49:59 - (rest_api_init): register rest route
11-29-2018 @ 12:09:36 - (rest_api_init): register rest route
12-01-2018 @ 00:26:15 - (rest_api_init): register rest route
12-01-2018 @ 01:56:14 - (rest_api_init): register rest route
12-01-2018 @ 03:26:15 - (rest_api_init): register rest route
12-02-2018 @ 03:51:35 - (rest_api_init): register rest route
12-02-2018 @ 05:36:44 - (rest_api_init): register rest route
12-02-2018 @ 07:06:43 - (rest_api_init): register rest route
12-02-2018 @ 08:39:16 - (rest_api_init): register rest route
12-04-2018 @ 11:47:57 - (rest_api_init): register rest route
12-04-2018 @ 23:42:34 - (rest_api_init): register rest route
12-06-2018 @ 17:44:05 - (rest_api_init): register rest route
12-08-2018 @ 05:37:03 - (rest_api_init): register rest route
12-08-2018 @ 05:37:06 - (rest_api_init): register rest route
12-08-2018 @ 05:49:52 - (rest_api_init): register rest route
12-08-2018 @ 18:46:03 - (rest_api_init): register rest route
12-10-2018 @ 08:00:39 - (rest_api_init): register rest route
12-11-2018 @ 03:16:50 - (rest_api_init): register rest route
12-11-2018 @ 03:50:10 - (rest_api_init): register rest route
12-11-2018 @ 11:07:47 - (rest_api_init): register rest route
12-12-2018 @ 07:10:50 - (rest_api_init): register rest route
12-12-2018 @ 19:44:16 - (rest_api_init): register rest route
12-13-2018 @ 16:07:20 - (rest_api_init): register rest route
12-18-2018 @ 17:55:18 - (rest_api_init): register rest route
12-18-2018 @ 17:55:25 - (rest_api_init): register rest route
12-18-2018 @ 17:55:25 - (rest_api_init): register rest route
12-18-2018 @ 18:02:32 - (rest_api_init): register rest route
12-19-2018 @ 14:26:06 - (rest_api_init): register rest route
12-19-2018 @ 14:26:19 - (rest_api_init): register rest route
12-19-2018 @ 14:26:20 - (rest_api_init): register rest route
12-19-2018 @ 17:51:39 - (rest_api_init): register rest route
12-19-2018 @ 18:38:12 - (rest_api_init): register rest route
12-19-2018 @ 18:42:03 - (rest_api_init): register rest route
12-19-2018 @ 19:31:21 - (rest_api_init): register rest route
12-19-2018 @ 19:35:16 - (rest_api_init): register rest route
12-19-2018 @ 23:50:35 - (rest_api_init): register rest route
12-20-2018 @ 00:57:14 - (rest_api_init): register rest route
12-21-2018 @ 04:52:34 - (rest_api_init): register rest route
12-21-2018 @ 21:33:16 - (rest_api_init): register rest route
12-21-2018 @ 22:39:57 - (rest_api_init): register rest route
12-23-2018 @ 00:10:14 - (rest_api_init): register rest route
12-23-2018 @ 12:47:47 - (rest_api_init): register rest route
12-28-2018 @ 00:17:14 - (rest_api_init): register rest route
12-28-2018 @ 19:29:59 - (rest_api_init): register rest route
01-01-2019 @ 10:13:50 - (rest_api_init): register rest route
01-07-2019 @ 11:57:04 - (rest_api_init): register rest route
01-08-2019 @ 16:16:38 - (rest_api_init): register rest route
01-12-2019 @ 05:26:08 - (rest_api_init): register rest route
01-13-2019 @ 21:52:42 - (rest_api_init): register rest route
01-13-2019 @ 21:53:15 - (rest_api_init): register rest route
01-13-2019 @ 21:53:20 - (rest_api_init): register rest route
01-13-2019 @ 21:57:52 - (rest_api_init): register rest route
01-13-2019 @ 21:58:01 - (rest_api_init): register rest route
01-14-2019 @ 00:12:25 - (rest_api_init): register rest route
01-14-2019 @ 00:12:33 - (rest_api_init): register rest route
01-14-2019 @ 00:15:27 - (rest_api_init): register rest route
01-14-2019 @ 00:15:35 - (rest_api_init): register rest route
01-14-2019 @ 00:17:59 - (rest_api_init): register rest route
01-14-2019 @ 00:18:04 - (rest_api_init): register rest route
01-14-2019 @ 00:18:33 - (rest_api_init): register rest route
01-14-2019 @ 00:18:38 - (rest_api_init): register rest route
01-14-2019 @ 02:23:48 - (rest_api_init): register rest route
01-14-2019 @ 02:23:54 - (rest_api_init): register rest route
01-14-2019 @ 02:24:30 - (rest_api_init): register rest route
01-14-2019 @ 02:24:34 - (rest_api_init): register rest route
01-14-2019 @ 02:25:22 - (rest_api_init): register rest route
01-14-2019 @ 02:25:27 - (rest_api_init): register rest route
01-14-2019 @ 02:26:28 - (rest_api_init): register rest route
01-14-2019 @ 02:26:37 - (rest_api_init): register rest route
01-14-2019 @ 02:30:25 - (rest_api_init): register rest route
01-14-2019 @ 02:30:35 - (rest_api_init): register rest route
01-14-2019 @ 04:27:25 - (rest_api_init): register rest route
01-14-2019 @ 04:35:58 - (rest_api_init): register rest route
01-14-2019 @ 04:36:07 - (rest_api_init): register rest route
01-14-2019 @ 04:36:23 - (rest_api_init): register rest route
01-14-2019 @ 04:36:29 - (rest_api_init): register rest route
01-14-2019 @ 05:29:53 - (rest_api_init): register rest route
01-19-2019 @ 22:46:19 - (rest_api_init): register rest route
01-20-2019 @ 05:39:26 - (rest_api_init): register rest route
01-29-2019 @ 00:06:36 - (rest_api_init): register rest route
01-30-2019 @ 00:48:49 - (rest_api_init): register rest route
01-30-2019 @ 17:42:38 - (rest_api_init): register rest route
01-30-2019 @ 17:42:40 - (rest_api_init): register rest route
01-30-2019 @ 18:56:29 - (rest_api_init): register rest route
01-30-2019 @ 23:01:08 - (rest_api_init): register rest route
02-01-2019 @ 08:50:00 - (rest_api_init): register rest route
02-06-2019 @ 15:16:08 - (rest_api_init): register rest route
02-06-2019 @ 15:39:02 - (rest_api_init): register rest route
02-06-2019 @ 18:17:56 - (rest_api_init): register rest route
02-07-2019 @ 23:27:42 - (rest_api_init): register rest route
02-08-2019 @ 01:32:13 - (rest_api_init): register rest route
02-08-2019 @ 03:55:21 - (rest_api_init): register rest route
02-08-2019 @ 10:54:31 - (rest_api_init): register rest route
02-10-2019 @ 10:03:58 - (rest_api_init): register rest route
02-10-2019 @ 17:47:38 - (rest_api_init): register rest route
02-17-2019 @ 22:46:24 - (rest_api_init): register rest route
02-17-2019 @ 22:46:25 - (rest_api_init): register rest route
02-17-2019 @ 23:50:11 - (rest_api_init): register rest route
02-19-2019 @ 00:50:45 - (rest_api_init): register rest route
02-21-2019 @ 17:13:12 - (rest_api_init): register rest route
02-23-2019 @ 13:13:01 - (rest_api_init): register rest route
02-27-2019 @ 22:24:32 - (rest_api_init): register rest route
02-28-2019 @ 01:49:47 - (rest_api_init): register rest route
02-28-2019 @ 02:10:59 - (rest_api_init): register rest route
03-02-2019 @ 05:15:32 - (rest_api_init): register rest route
03-02-2019 @ 05:26:02 - (rest_api_init): register rest route
03-03-2019 @ 09:08:40 - (rest_api_init): register rest route
03-06-2019 @ 13:40:59 - (rest_api_init): register rest route
03-06-2019 @ 13:41:13 - (rest_api_init): register rest route
03-06-2019 @ 13:41:13 - (rest_api_init): register rest route
03-06-2019 @ 13:43:43 - (rest_api_init): register rest route
03-06-2019 @ 13:43:43 - (rest_api_init): register rest route
03-06-2019 @ 22:11:43 - (rest_api_init): register rest route
03-06-2019 @ 22:17:46 - (rest_api_init): register rest route
03-13-2019 @ 20:05:24 - (rest_api_init): register rest route
03-15-2019 @ 21:23:36 - (rest_api_init): register rest route
03-16-2019 @ 06:48:16 - (rest_api_init): register rest route
03-16-2019 @ 14:25:09 - (rest_api_init): register rest route
03-17-2019 @ 18:11:43 - (rest_api_init): register rest route
03-19-2019 @ 12:34:50 - (rest_api_init): register rest route
03-19-2019 @ 12:34:58 - (rest_api_init): register rest route
03-19-2019 @ 12:34:58 - (rest_api_init): register rest route
03-19-2019 @ 15:23:34 - (rest_api_init): register rest route
03-19-2019 @ 15:23:39 - (rest_api_init): register rest route
03-19-2019 @ 15:46:11 - (rest_api_init): register rest route
03-20-2019 @ 03:03:55 - (rest_api_init): register rest route
03-20-2019 @ 22:32:32 - (rest_api_init): register rest route
03-21-2019 @ 13:20:20 - (rest_api_init): register rest route
03-21-2019 @ 13:20:20 - (rest_api_init): register rest route
03-21-2019 @ 13:20:20 - (rest_api_init): register rest route
03-21-2019 @ 19:16:06 - (rest_api_init): register rest route
03-21-2019 @ 19:45:01 - (rest_api_init): register rest route
03-21-2019 @ 19:57:29 - (rest_api_init): register rest route
03-25-2019 @ 10:00:50 - (rest_api_init): register rest route
03-25-2019 @ 12:16:34 - (rest_api_init): register rest route
03-25-2019 @ 12:54:14 - (rest_api_init): register rest route
03-25-2019 @ 13:12:33 - (rest_api_init): register rest route
03-25-2019 @ 14:15:10 - (rest_api_init): register rest route
03-25-2019 @ 14:29:53 - (rest_api_init): register rest route
03-25-2019 @ 15:27:10 - (rest_api_init): register rest route
03-25-2019 @ 15:33:45 - (rest_api_init): register rest route
03-25-2019 @ 15:36:44 - (rest_api_init): register rest route
03-25-2019 @ 15:40:15 - (rest_api_init): register rest route
03-25-2019 @ 15:40:24 - (rest_api_init): register rest route
03-25-2019 @ 15:40:24 - (rest_api_init): register rest route
03-25-2019 @ 15:42:17 - (rest_api_init): register rest route
03-25-2019 @ 15:42:17 - (rest_api_init): register rest route
03-25-2019 @ 15:46:48 - (rest_api_init): register rest route
03-25-2019 @ 15:56:02 - (rest_api_init): register rest route
03-25-2019 @ 16:06:35 - (rest_api_init): register rest route
03-25-2019 @ 17:53:17 - (rest_api_init): register rest route
03-25-2019 @ 18:01:08 - (rest_api_init): register rest route
03-25-2019 @ 18:10:17 - (rest_api_init): register rest route
03-25-2019 @ 18:17:10 - (rest_api_init): register rest route
03-25-2019 @ 18:24:07 - (rest_api_init): register rest route
03-25-2019 @ 18:28:14 - (rest_api_init): register rest route
03-25-2019 @ 18:34:53 - (rest_api_init): register rest route
03-25-2019 @ 18:38:47 - (rest_api_init): register rest route
03-25-2019 @ 18:42:58 - (rest_api_init): register rest route
03-25-2019 @ 18:47:02 - (rest_api_init): register rest route
03-25-2019 @ 18:51:44 - (rest_api_init): register rest route
03-25-2019 @ 18:57:09 - (rest_api_init): register rest route
03-25-2019 @ 19:07:38 - (rest_api_init): register rest route
03-25-2019 @ 19:13:59 - (rest_api_init): register rest route
03-25-2019 @ 19:24:48 - (rest_api_init): register rest route
03-25-2019 @ 19:29:02 - (rest_api_init): register rest route
03-25-2019 @ 19:44:51 - (rest_api_init): register rest route
03-25-2019 @ 19:51:39 - (rest_api_init): register rest route
03-25-2019 @ 19:58:18 - (rest_api_init): register rest route
03-25-2019 @ 20:06:03 - (rest_api_init): register rest route
03-25-2019 @ 21:26:53 - (rest_api_init): register rest route
03-26-2019 @ 01:39:25 - (rest_api_init): register rest route
03-26-2019 @ 10:58:24 - (rest_api_init): register rest route
03-26-2019 @ 12:24:50 - (rest_api_init): register rest route
03-26-2019 @ 13:11:28 - (rest_api_init): register rest route
03-27-2019 @ 05:11:27 - (rest_api_init): register rest route
03-29-2019 @ 01:11:24 - (rest_api_init): register rest route
03-31-2019 @ 07:41:12 - (rest_api_init): register rest route
04-04-2019 @ 22:54:27 - (rest_api_init): register rest route
04-07-2019 @ 12:05:09 - (rest_api_init): register rest route
04-09-2019 @ 11:01:14 - (rest_api_init): register rest route
04-10-2019 @ 04:51:00 - (rest_api_init): register rest route
04-11-2019 @ 11:27:23 - (rest_api_init): register rest route
04-13-2019 @ 08:18:17 - (rest_api_init): register rest route
04-13-2019 @ 13:07:16 - (rest_api_init): register rest route
04-15-2019 @ 03:11:42 - (rest_api_init): register rest route
04-15-2019 @ 03:11:46 - (rest_api_init): register rest route
04-15-2019 @ 16:06:32 - (rest_api_init): register rest route
04-15-2019 @ 16:06:36 - (rest_api_init): register rest route
04-15-2019 @ 16:06:36 - (rest_api_init): register rest route
04-15-2019 @ 16:06:51 - (rest_api_init): register rest route
04-15-2019 @ 16:06:51 - (rest_api_init): register rest route
04-15-2019 @ 16:17:21 - (rest_api_init): register rest route
04-15-2019 @ 16:17:25 - (rest_api_init): register rest route
04-15-2019 @ 16:17:25 - (rest_api_init): register rest route
