2019-01-25T00:20:58+00:00 CRITICAL Object of class WP_Error could not be converted to string in /var/www/html/Anditrip-w/wp-content/themes/Anditrip/single-product.php on line 106

2019-01-25T00:51:17+00:00 CRITICAL Uncaught Error: Call to a member function get_price_html() on null in /var/www/html/Anditrip-w/wp-content/themes/Anditrip/page.php:143
Stack trace:
#0 /var/www/html/Anditrip-w/wp-includes/template-loader.php(74): include()
#1 /var/www/html/Anditrip-w/wp-blog-header.php(19): require_once('/var/www/html/A...')
#2 /var/www/html/Anditrip-w/index.php(17): require('/var/www/html/A...')
#3 {main}
  thrown in /var/www/html/Anditrip-w/wp-content/themes/Anditrip/page.php on line 143

2019-01-25T00:51:17+00:00 CRITICAL Uncaught Error: Call to a member function get_price_html() on null in /var/www/html/Anditrip-w/wp-content/themes/Anditrip/page.php:143
Stack trace:
#0 /var/www/html/Anditrip-w/wp-includes/template-loader.php(74): include()
#1 /var/www/html/Anditrip-w/wp-blog-header.php(19): require_once('/var/www/html/A...')
#2 /var/www/html/Anditrip-w/index.php(17): require('/var/www/html/A...')
#3 {main}
  thrown in /var/www/html/Anditrip-w/wp-content/themes/Anditrip/page.php on line 143

2019-01-25T00:51:25+00:00 CRITICAL Uncaught Error: Call to a member function get_price_html() on null in /var/www/html/Anditrip-w/wp-content/themes/Anditrip/page.php:143
Stack trace:
#0 /var/www/html/Anditrip-w/wp-includes/template-loader.php(74): include()
#1 /var/www/html/Anditrip-w/wp-blog-header.php(19): require_once('/var/www/html/A...')
#2 /var/www/html/Anditrip-w/index.php(17): require('/var/www/html/A...')
#3 {main}
  thrown in /var/www/html/Anditrip-w/wp-content/themes/Anditrip/page.php on line 143

2019-01-25T00:51:25+00:00 CRITICAL Uncaught Error: Call to a member function get_price_html() on null in /var/www/html/Anditrip-w/wp-content/themes/Anditrip/page.php:143
Stack trace:
#0 /var/www/html/Anditrip-w/wp-includes/template-loader.php(74): include()
#1 /var/www/html/Anditrip-w/wp-blog-header.php(19): require_once('/var/www/html/A...')
#2 /var/www/html/Anditrip-w/index.php(17): require('/var/www/html/A...')
#3 {main}
  thrown in /var/www/html/Anditrip-w/wp-content/themes/Anditrip/page.php on line 143

2019-01-25T00:51:35+00:00 CRITICAL Uncaught Error: Call to a member function get_price_html() on null in /var/www/html/Anditrip-w/wp-content/themes/Anditrip/page.php:143
Stack trace:
#0 /var/www/html/Anditrip-w/wp-includes/template-loader.php(74): include()
#1 /var/www/html/Anditrip-w/wp-blog-header.php(19): require_once('/var/www/html/A...')
#2 /var/www/html/Anditrip-w/index.php(17): require('/var/www/html/A...')
#3 {main}
  thrown in /var/www/html/Anditrip-w/wp-content/themes/Anditrip/page.php on line 143

2019-01-25T00:51:35+00:00 CRITICAL Uncaught Error: Call to a member function get_price_html() on null in /var/www/html/Anditrip-w/wp-content/themes/Anditrip/page.php:143
Stack trace:
#0 /var/www/html/Anditrip-w/wp-includes/template-loader.php(74): include()
#1 /var/www/html/Anditrip-w/wp-blog-header.php(19): require_once('/var/www/html/A...')
#2 /var/www/html/Anditrip-w/index.php(17): require('/var/www/html/A...')
#3 {main}
  thrown in /var/www/html/Anditrip-w/wp-content/themes/Anditrip/page.php on line 143

2019-01-25T01:17:29+00:00 CRITICAL syntax error, unexpected 'endif' (T_ENDIF) in /var/www/html/Anditrip-w/wp-content/themes/Anditrip/page.php on line 149

2019-01-25T01:17:59+00:00 CRITICAL Uncaught Error: Call to a member function get_price_html() on null in /var/www/html/Anditrip-w/wp-content/themes/Anditrip/page.php:137
Stack trace:
#0 /var/www/html/Anditrip-w/wp-includes/template-loader.php(74): include()
#1 /var/www/html/Anditrip-w/wp-blog-header.php(19): require_once('/var/www/html/A...')
#2 /var/www/html/Anditrip-w/index.php(17): require('/var/www/html/A...')
#3 {main}
  thrown in /var/www/html/Anditrip-w/wp-content/themes/Anditrip/page.php on line 137

2019-01-25T01:17:59+00:00 CRITICAL Uncaught Error: Call to a member function get_price_html() on null in /var/www/html/Anditrip-w/wp-content/themes/Anditrip/page.php:137
Stack trace:
#0 /var/www/html/Anditrip-w/wp-includes/template-loader.php(74): include()
#1 /var/www/html/Anditrip-w/wp-blog-header.php(19): require_once('/var/www/html/A...')
#2 /var/www/html/Anditrip-w/index.php(17): require('/var/www/html/A...')
#3 {main}
  thrown in /var/www/html/Anditrip-w/wp-content/themes/Anditrip/page.php on line 137

2019-01-25T01:18:06+00:00 CRITICAL Uncaught Error: Call to a member function get_price_html() on null in /var/www/html/Anditrip-w/wp-content/themes/Anditrip/page.php:137
Stack trace:
#0 /var/www/html/Anditrip-w/wp-includes/template-loader.php(74): include()
#1 /var/www/html/Anditrip-w/wp-blog-header.php(19): require_once('/var/www/html/A...')
#2 /var/www/html/Anditrip-w/index.php(17): require('/var/www/html/A...')
#3 {main}
  thrown in /var/www/html/Anditrip-w/wp-content/themes/Anditrip/page.php on line 137

2019-01-25T01:18:07+00:00 CRITICAL Uncaught Error: Call to a member function get_price_html() on null in /var/www/html/Anditrip-w/wp-content/themes/Anditrip/page.php:137
Stack trace:
#0 /var/www/html/Anditrip-w/wp-includes/template-loader.php(74): include()
#1 /var/www/html/Anditrip-w/wp-blog-header.php(19): require_once('/var/www/html/A...')
#2 /var/www/html/Anditrip-w/index.php(17): require('/var/www/html/A...')
#3 {main}
  thrown in /var/www/html/Anditrip-w/wp-content/themes/Anditrip/page.php on line 137

2019-01-25T01:21:04+00:00 CRITICAL Uncaught Error: Call to a member function get_price_html() on null in /var/www/html/Anditrip-w/wp-content/themes/Anditrip/page.php:137
Stack trace:
#0 /var/www/html/Anditrip-w/wp-includes/template-loader.php(74): include()
#1 /var/www/html/Anditrip-w/wp-blog-header.php(19): require_once('/var/www/html/A...')
#2 /var/www/html/Anditrip-w/index.php(17): require('/var/www/html/A...')
#3 {main}
  thrown in /var/www/html/Anditrip-w/wp-content/themes/Anditrip/page.php on line 137

2019-01-25T01:21:05+00:00 CRITICAL Uncaught Error: Call to a member function get_price_html() on null in /var/www/html/Anditrip-w/wp-content/themes/Anditrip/page.php:137
Stack trace:
#0 /var/www/html/Anditrip-w/wp-includes/template-loader.php(74): include()
#1 /var/www/html/Anditrip-w/wp-blog-header.php(19): require_once('/var/www/html/A...')
#2 /var/www/html/Anditrip-w/index.php(17): require('/var/www/html/A...')
#3 {main}
  thrown in /var/www/html/Anditrip-w/wp-content/themes/Anditrip/page.php on line 137

2019-01-25T01:21:06+00:00 CRITICAL Uncaught Error: Call to a member function get_price_html() on null in /var/www/html/Anditrip-w/wp-content/themes/Anditrip/page.php:137
Stack trace:
#0 /var/www/html/Anditrip-w/wp-includes/template-loader.php(74): include()
#1 /var/www/html/Anditrip-w/wp-blog-header.php(19): require_once('/var/www/html/A...')
#2 /var/www/html/Anditrip-w/index.php(17): require('/var/www/html/A...')
#3 {main}
  thrown in /var/www/html/Anditrip-w/wp-content/themes/Anditrip/page.php on line 137

2019-01-25T01:21:07+00:00 CRITICAL Uncaught Error: Call to a member function get_price_html() on null in /var/www/html/Anditrip-w/wp-content/themes/Anditrip/page.php:137
Stack trace:
#0 /var/www/html/Anditrip-w/wp-includes/template-loader.php(74): include()
#1 /var/www/html/Anditrip-w/wp-blog-header.php(19): require_once('/var/www/html/A...')
#2 /var/www/html/Anditrip-w/index.php(17): require('/var/www/html/A...')
#3 {main}
  thrown in /var/www/html/Anditrip-w/wp-content/themes/Anditrip/page.php on line 137

2019-01-25T01:21:09+00:00 CRITICAL Uncaught Error: Call to a member function get_price_html() on null in /var/www/html/Anditrip-w/wp-content/themes/Anditrip/page.php:137
Stack trace:
#0 /var/www/html/Anditrip-w/wp-includes/template-loader.php(74): include()
#1 /var/www/html/Anditrip-w/wp-blog-header.php(19): require_once('/var/www/html/A...')
#2 /var/www/html/Anditrip-w/index.php(17): require('/var/www/html/A...')
#3 {main}
  thrown in /var/www/html/Anditrip-w/wp-content/themes/Anditrip/page.php on line 137

2019-01-25T01:21:09+00:00 CRITICAL Uncaught Error: Call to a member function get_price_html() on null in /var/www/html/Anditrip-w/wp-content/themes/Anditrip/page.php:137
Stack trace:
#0 /var/www/html/Anditrip-w/wp-includes/template-loader.php(74): include()
#1 /var/www/html/Anditrip-w/wp-blog-header.php(19): require_once('/var/www/html/A...')
#2 /var/www/html/Anditrip-w/index.php(17): require('/var/www/html/A...')
#3 {main}
  thrown in /var/www/html/Anditrip-w/wp-content/themes/Anditrip/page.php on line 137

2019-01-25T01:22:18+00:00 CRITICAL Uncaught Error: Call to a member function get_price_html() on null in /var/www/html/Anditrip-w/wp-content/themes/Anditrip/page.php:162
Stack trace:
#0 /var/www/html/Anditrip-w/wp-includes/template-loader.php(74): include()
#1 /var/www/html/Anditrip-w/wp-blog-header.php(19): require_once('/var/www/html/A...')
#2 /var/www/html/Anditrip-w/index.php(17): require('/var/www/html/A...')
#3 {main}
  thrown in /var/www/html/Anditrip-w/wp-content/themes/Anditrip/page.php on line 162

2019-01-25T01:22:18+00:00 CRITICAL Uncaught Error: Call to a member function get_price_html() on null in /var/www/html/Anditrip-w/wp-content/themes/Anditrip/page.php:162
Stack trace:
#0 /var/www/html/Anditrip-w/wp-includes/template-loader.php(74): include()
#1 /var/www/html/Anditrip-w/wp-blog-header.php(19): require_once('/var/www/html/A...')
#2 /var/www/html/Anditrip-w/index.php(17): require('/var/www/html/A...')
#3 {main}
  thrown in /var/www/html/Anditrip-w/wp-content/themes/Anditrip/page.php on line 162

2019-01-25T01:22:23+00:00 CRITICAL Uncaught Error: Call to a member function get_price_html() on null in /var/www/html/Anditrip-w/wp-content/themes/Anditrip/page.php:162
Stack trace:
#0 /var/www/html/Anditrip-w/wp-includes/template-loader.php(74): include()
#1 /var/www/html/Anditrip-w/wp-blog-header.php(19): require_once('/var/www/html/A...')
#2 /var/www/html/Anditrip-w/index.php(17): require('/var/www/html/A...')
#3 {main}
  thrown in /var/www/html/Anditrip-w/wp-content/themes/Anditrip/page.php on line 162

2019-01-25T01:22:24+00:00 CRITICAL Uncaught Error: Call to a member function get_price_html() on null in /var/www/html/Anditrip-w/wp-content/themes/Anditrip/page.php:162
Stack trace:
#0 /var/www/html/Anditrip-w/wp-includes/template-loader.php(74): include()
#1 /var/www/html/Anditrip-w/wp-blog-header.php(19): require_once('/var/www/html/A...')
#2 /var/www/html/Anditrip-w/index.php(17): require('/var/www/html/A...')
#3 {main}
  thrown in /var/www/html/Anditrip-w/wp-content/themes/Anditrip/page.php on line 162

2019-01-25T01:22:25+00:00 CRITICAL Uncaught Error: Call to a member function get_price_html() on null in /var/www/html/Anditrip-w/wp-content/themes/Anditrip/page.php:162
Stack trace:
#0 /var/www/html/Anditrip-w/wp-includes/template-loader.php(74): include()
#1 /var/www/html/Anditrip-w/wp-blog-header.php(19): require_once('/var/www/html/A...')
#2 /var/www/html/Anditrip-w/index.php(17): require('/var/www/html/A...')
#3 {main}
  thrown in /var/www/html/Anditrip-w/wp-content/themes/Anditrip/page.php on line 162

2019-01-25T01:22:26+00:00 CRITICAL Uncaught Error: Call to a member function get_price_html() on null in /var/www/html/Anditrip-w/wp-content/themes/Anditrip/page.php:162
Stack trace:
#0 /var/www/html/Anditrip-w/wp-includes/template-loader.php(74): include()
#1 /var/www/html/Anditrip-w/wp-blog-header.php(19): require_once('/var/www/html/A...')
#2 /var/www/html/Anditrip-w/index.php(17): require('/var/www/html/A...')
#3 {main}
  thrown in /var/www/html/Anditrip-w/wp-content/themes/Anditrip/page.php on line 162

2019-01-25T01:22:28+00:00 CRITICAL Uncaught Error: Call to a member function get_price_html() on null in /var/www/html/Anditrip-w/wp-content/themes/Anditrip/page.php:162
Stack trace:
#0 /var/www/html/Anditrip-w/wp-includes/template-loader.php(74): include()
#1 /var/www/html/Anditrip-w/wp-blog-header.php(19): require_once('/var/www/html/A...')
#2 /var/www/html/Anditrip-w/index.php(17): require('/var/www/html/A...')
#3 {main}
  thrown in /var/www/html/Anditrip-w/wp-content/themes/Anditrip/page.php on line 162

2019-01-25T01:22:29+00:00 CRITICAL Uncaught Error: Call to a member function get_price_html() on null in /var/www/html/Anditrip-w/wp-content/themes/Anditrip/page.php:162
Stack trace:
#0 /var/www/html/Anditrip-w/wp-includes/template-loader.php(74): include()
#1 /var/www/html/Anditrip-w/wp-blog-header.php(19): require_once('/var/www/html/A...')
#2 /var/www/html/Anditrip-w/index.php(17): require('/var/www/html/A...')
#3 {main}
  thrown in /var/www/html/Anditrip-w/wp-content/themes/Anditrip/page.php on line 162

2019-01-25T01:26:46+00:00 CRITICAL Uncaught Error: Call to a member function get_price_html() on null in /var/www/html/Anditrip-w/wp-content/themes/Anditrip/page.php:138
Stack trace:
#0 /var/www/html/Anditrip-w/wp-includes/template-loader.php(74): include()
#1 /var/www/html/Anditrip-w/wp-blog-header.php(19): require_once('/var/www/html/A...')
#2 /var/www/html/Anditrip-w/index.php(17): require('/var/www/html/A...')
#3 {main}
  thrown in /var/www/html/Anditrip-w/wp-content/themes/Anditrip/page.php on line 138

2019-01-25T01:26:47+00:00 CRITICAL Uncaught Error: Call to a member function get_price_html() on null in /var/www/html/Anditrip-w/wp-content/themes/Anditrip/page.php:138
Stack trace:
#0 /var/www/html/Anditrip-w/wp-includes/template-loader.php(74): include()
#1 /var/www/html/Anditrip-w/wp-blog-header.php(19): require_once('/var/www/html/A...')
#2 /var/www/html/Anditrip-w/index.php(17): require('/var/www/html/A...')
#3 {main}
  thrown in /var/www/html/Anditrip-w/wp-content/themes/Anditrip/page.php on line 138

2019-01-25T01:30:43+00:00 CRITICAL Uncaught Error: Call to a member function get_price_html() on null in /var/www/html/Anditrip-w/wp-content/themes/Anditrip/page.php:150
Stack trace:
#0 /var/www/html/Anditrip-w/wp-includes/template-loader.php(74): include()
#1 /var/www/html/Anditrip-w/wp-blog-header.php(19): require_once('/var/www/html/A...')
#2 /var/www/html/Anditrip-w/index.php(17): require('/var/www/html/A...')
#3 {main}
  thrown in /var/www/html/Anditrip-w/wp-content/themes/Anditrip/page.php on line 150

2019-01-25T01:30:44+00:00 CRITICAL Uncaught Error: Call to a member function get_price_html() on null in /var/www/html/Anditrip-w/wp-content/themes/Anditrip/page.php:150
Stack trace:
#0 /var/www/html/Anditrip-w/wp-includes/template-loader.php(74): include()
#1 /var/www/html/Anditrip-w/wp-blog-header.php(19): require_once('/var/www/html/A...')
#2 /var/www/html/Anditrip-w/index.php(17): require('/var/www/html/A...')
#3 {main}
  thrown in /var/www/html/Anditrip-w/wp-content/themes/Anditrip/page.php on line 150

2019-01-25T01:30:46+00:00 CRITICAL Uncaught Error: Call to a member function get_price_html() on null in /var/www/html/Anditrip-w/wp-content/themes/Anditrip/page.php:150
Stack trace:
#0 /var/www/html/Anditrip-w/wp-includes/template-loader.php(74): include()
#1 /var/www/html/Anditrip-w/wp-blog-header.php(19): require_once('/var/www/html/A...')
#2 /var/www/html/Anditrip-w/index.php(17): require('/var/www/html/A...')
#3 {main}
  thrown in /var/www/html/Anditrip-w/wp-content/themes/Anditrip/page.php on line 150

2019-01-25T01:30:47+00:00 CRITICAL Uncaught Error: Call to a member function get_price_html() on null in /var/www/html/Anditrip-w/wp-content/themes/Anditrip/page.php:150
Stack trace:
#0 /var/www/html/Anditrip-w/wp-includes/template-loader.php(74): include()
#1 /var/www/html/Anditrip-w/wp-blog-header.php(19): require_once('/var/www/html/A...')
#2 /var/www/html/Anditrip-w/index.php(17): require('/var/www/html/A...')
#3 {main}
  thrown in /var/www/html/Anditrip-w/wp-content/themes/Anditrip/page.php on line 150

2019-01-25T01:31:49+00:00 CRITICAL Uncaught Error: Call to a member function get_price_html() on null in /var/www/html/Anditrip-w/wp-content/themes/Anditrip/page.php:162
Stack trace:
#0 /var/www/html/Anditrip-w/wp-includes/template-loader.php(74): include()
#1 /var/www/html/Anditrip-w/wp-blog-header.php(19): require_once('/var/www/html/A...')
#2 /var/www/html/Anditrip-w/index.php(17): require('/var/www/html/A...')
#3 {main}
  thrown in /var/www/html/Anditrip-w/wp-content/themes/Anditrip/page.php on line 162

2019-01-25T01:31:49+00:00 CRITICAL Uncaught Error: Call to a member function get_price_html() on null in /var/www/html/Anditrip-w/wp-content/themes/Anditrip/page.php:162
Stack trace:
#0 /var/www/html/Anditrip-w/wp-includes/template-loader.php(74): include()
#1 /var/www/html/Anditrip-w/wp-blog-header.php(19): require_once('/var/www/html/A...')
#2 /var/www/html/Anditrip-w/index.php(17): require('/var/www/html/A...')
#3 {main}
  thrown in /var/www/html/Anditrip-w/wp-content/themes/Anditrip/page.php on line 162

2019-01-25T01:32:26+00:00 CRITICAL Uncaught Error: Call to a member function get_price_html() on null in /var/www/html/Anditrip-w/wp-content/themes/Anditrip/page.php:162
Stack trace:
#0 /var/www/html/Anditrip-w/wp-includes/template-loader.php(74): include()
#1 /var/www/html/Anditrip-w/wp-blog-header.php(19): require_once('/var/www/html/A...')
#2 /var/www/html/Anditrip-w/index.php(17): require('/var/www/html/A...')
#3 {main}
  thrown in /var/www/html/Anditrip-w/wp-content/themes/Anditrip/page.php on line 162

2019-01-25T01:32:27+00:00 CRITICAL Uncaught Error: Call to a member function get_price_html() on null in /var/www/html/Anditrip-w/wp-content/themes/Anditrip/page.php:162
Stack trace:
#0 /var/www/html/Anditrip-w/wp-includes/template-loader.php(74): include()
#1 /var/www/html/Anditrip-w/wp-blog-header.php(19): require_once('/var/www/html/A...')
#2 /var/www/html/Anditrip-w/index.php(17): require('/var/www/html/A...')
#3 {main}
  thrown in /var/www/html/Anditrip-w/wp-content/themes/Anditrip/page.php on line 162

2019-01-25T01:32:31+00:00 CRITICAL Uncaught Error: Call to a member function get_price_html() on null in /var/www/html/Anditrip-w/wp-content/themes/Anditrip/page.php:162
Stack trace:
#0 /var/www/html/Anditrip-w/wp-includes/template-loader.php(74): include()
#1 /var/www/html/Anditrip-w/wp-blog-header.php(19): require_once('/var/www/html/A...')
#2 /var/www/html/Anditrip-w/index.php(17): require('/var/www/html/A...')
#3 {main}
  thrown in /var/www/html/Anditrip-w/wp-content/themes/Anditrip/page.php on line 162

2019-01-25T01:32:31+00:00 CRITICAL Uncaught Error: Call to a member function get_price_html() on null in /var/www/html/Anditrip-w/wp-content/themes/Anditrip/page.php:162
Stack trace:
#0 /var/www/html/Anditrip-w/wp-includes/template-loader.php(74): include()
#1 /var/www/html/Anditrip-w/wp-blog-header.php(19): require_once('/var/www/html/A...')
#2 /var/www/html/Anditrip-w/index.php(17): require('/var/www/html/A...')
#3 {main}
  thrown in /var/www/html/Anditrip-w/wp-content/themes/Anditrip/page.php on line 162

2019-01-25T01:52:04+00:00 CRITICAL syntax error, unexpected end of file, expecting elseif (T_ELSEIF) or else (T_ELSE) or endif (T_ENDIF) in /var/www/html/Anditrip-w/wp-content/themes/Anditrip/page.php on line 169

